2022-09-05 14:03:42.499  INFO 20036 --- [restartedMain] c.l.m.o.OrderServiceApplication          : Starting OrderServiceApplication using Java 11.0.12 on DESKTOP-6L79JE3 with PID 20036 (D:\Work\event-driven-ms\order-service\target\classes started by Liem in D:\Work\event-driven-ms)
2022-09-05 14:03:42.502 DEBUG 20036 --- [restartedMain] c.l.m.o.OrderServiceApplication          : Running with Spring Boot v2.7.3, Spring v5.3.22
2022-09-05 14:03:42.504  INFO 20036 --- [restartedMain] c.l.m.o.OrderServiceApplication          : The following 1 profile is active: "dev"
2022-09-05 14:03:46.996  INFO 20036 --- [restartedMain] o.apache.catalina.core.StandardService   : Starting service [Tomcat]
2022-09-05 14:03:46.996  INFO 20036 --- [restartedMain] org.apache.catalina.core.StandardEngine  : Starting Servlet engine: [Apache Tomcat/9.0.65]
2022-09-05 14:03:47.173  INFO 20036 --- [restartedMain] o.a.c.c.C.[Tomcat].[localhost].[/order]  : Initializing Spring embedded WebApplicationContext
2022-09-05 14:03:47.900  INFO 20036 --- [restartedMain] com.zaxxer.hikari.HikariDataSource       : HikariPool-1 - Starting...
2022-09-05 14:03:48.147  INFO 20036 --- [restartedMain] com.zaxxer.hikari.HikariDataSource       : HikariPool-1 - Start completed.
2022-09-05 14:03:48.373  INFO 20036 --- [restartedMain] liquibase.database                       : Set default schema name to public
2022-09-05 14:03:48.528  INFO 20036 --- [restartedMain] liquibase.lockservice                    : Successfully acquired change log lock
2022-09-05 14:03:49.259  INFO 20036 --- [restartedMain] liquibase.changelog                      : Reading from public.databasechangelog
2022-09-05 14:03:49.316  INFO 20036 --- [restartedMain] liquibase.lockservice                    : Successfully released change log lock
2022-09-05 14:03:49.318  INFO 20036 --- [restartedMain] com.zaxxer.hikari.HikariDataSource       : HikariPool-1 - Shutdown initiated...
2022-09-05 14:03:49.327  INFO 20036 --- [restartedMain] com.zaxxer.hikari.HikariDataSource       : HikariPool-1 - Shutdown completed.
2022-09-05 14:03:49.335  INFO 20036 --- [restartedMain] o.apache.catalina.core.StandardService   : Stopping service [Tomcat]
2022-09-05 14:03:49.409 ERROR 20036 --- [restartedMain] o.s.boot.SpringApplication               : Application run failed

org.springframework.beans.factory.BeanCreationException: Error creating bean with name 'liquibase' defined in class path resource [org/springframework/boot/autoconfigure/liquibase/LiquibaseAutoConfiguration$LiquibaseConfiguration.class]: Invocation of init method failed; nested exception is liquibase.exception.LiquibaseException: liquibase.exception.UnexpectedLiquibaseException: java.io.IOException: The file ../sql/structure/create_payment_table.sql was not found in
    - file:/C:/Users/Liem/.m2/repository/org/axonframework/axon-configuration/4.5.15/axon-configuration-4.5.15.jar
    - file:/C:/Users/Liem/.m2/repository/org/axonframework/axon-disruptor/4.5.15/axon-disruptor-4.5.15.jar
    - file:/C:/Users/Liem/.m2/repository/org/axonframework/axon-eventsourcing/4.5.15/axon-eventsourcing-4.5.15.jar
    - file:/C:/Users/Liem/.m2/repository/org/axonframework/axon-messaging/4.5.15/axon-messaging-4.5.15.jar
    - file:/C:/Users/Liem/.m2/repository/org/axonframework/axon-modelling/4.5.15/axon-modelling-4.5.15.jar
    - file:/C:/Users/Liem/.m2/repository/org/axonframework/axon-server-connector/4.5.15/axon-server-connector-4.5.15.jar
    - file:/C:/Users/Liem/.m2/repository/org/axonframework/axon-spring-boot-autoconfigure/4.5.15/axon-spring-boot-autoconfigure-4.5.15.jar
    - file:/C:/Users/Liem/.m2/repository/org/axonframework/axon-spring/4.5.15/axon-spring-4.5.15.jar
    - file:/D:/Work/event-driven-ms/core-service/target/classes/
    - file:/D:/Work/event-driven-ms/order-service/target/classes/
Specifying files by absolute path was removed in Liquibase 4.0. Please use a relative path or add '/' to the classpath parameter.
	at org.springframework.beans.factory.support.AbstractAutowireCapableBeanFactory.initializeBean(AbstractAutowireCapableBeanFactory.java:1804) ~[spring-beans-5.3.22.jar:5.3.22]
	at org.springframework.beans.factory.support.AbstractAutowireCapableBeanFactory.doCreateBean(AbstractAutowireCapableBeanFactory.java:620) ~[spring-beans-5.3.22.jar:5.3.22]
	at org.springframework.beans.factory.support.AbstractAutowireCapableBeanFactory.createBean(AbstractAutowireCapableBeanFactory.java:542) ~[spring-beans-5.3.22.jar:5.3.22]
	at org.springframework.beans.factory.support.AbstractBeanFactory.lambda$doGetBean$0(AbstractBeanFactory.java:335) ~[spring-beans-5.3.22.jar:5.3.22]
	at org.springframework.beans.factory.support.DefaultSingletonBeanRegistry.getSingleton(DefaultSingletonBeanRegistry.java:234) ~[spring-beans-5.3.22.jar:5.3.22]
	at org.springframework.beans.factory.support.AbstractBeanFactory.doGetBean(AbstractBeanFactory.java:333) ~[spring-beans-5.3.22.jar:5.3.22]
	at org.springframework.beans.factory.support.AbstractBeanFactory.getBean(AbstractBeanFactory.java:208) ~[spring-beans-5.3.22.jar:5.3.22]
	at org.springframework.beans.factory.support.AbstractBeanFactory.doGetBean(AbstractBeanFactory.java:322) ~[spring-beans-5.3.22.jar:5.3.22]
	at org.springframework.beans.factory.support.AbstractBeanFactory.getBean(AbstractBeanFactory.java:208) ~[spring-beans-5.3.22.jar:5.3.22]
	at org.springframework.context.support.AbstractApplicationContext.getBean(AbstractApplicationContext.java:1154) ~[spring-context-5.3.22.jar:5.3.22]
	at org.springframework.context.support.AbstractApplicationContext.finishBeanFactoryInitialization(AbstractApplicationContext.java:908) ~[spring-context-5.3.22.jar:5.3.22]
	at org.springframework.context.support.AbstractApplicationContext.refresh(AbstractApplicationContext.java:583) ~[spring-context-5.3.22.jar:5.3.22]
	at org.springframework.boot.web.servlet.context.ServletWebServerApplicationContext.refresh(ServletWebServerApplicationContext.java:147) ~[spring-boot-2.7.3.jar:2.7.3]
	at org.springframework.boot.SpringApplication.refresh(SpringApplication.java:734) ~[spring-boot-2.7.3.jar:2.7.3]
	at org.springframework.boot.SpringApplication.refreshContext(SpringApplication.java:408) ~[spring-boot-2.7.3.jar:2.7.3]
	at org.springframework.boot.SpringApplication.run(SpringApplication.java:308) ~[spring-boot-2.7.3.jar:2.7.3]
	at org.springframework.boot.SpringApplication.run(SpringApplication.java:1306) ~[spring-boot-2.7.3.jar:2.7.3]
	at org.springframework.boot.SpringApplication.run(SpringApplication.java:1295) ~[spring-boot-2.7.3.jar:2.7.3]
	at com.liem.ms.orderservice.OrderServiceApplication.main(OrderServiceApplication.java:23) ~[classes/:na]
	at java.base/jdk.internal.reflect.NativeMethodAccessorImpl.invoke0(Native Method) ~[na:na]
	at java.base/jdk.internal.reflect.NativeMethodAccessorImpl.invoke(NativeMethodAccessorImpl.java:62) ~[na:na]
	at java.base/jdk.internal.reflect.DelegatingMethodAccessorImpl.invoke(DelegatingMethodAccessorImpl.java:43) ~[na:na]
	at java.base/java.lang.reflect.Method.invoke(Method.java:566) ~[na:na]
	at org.springframework.boot.devtools.restart.RestartLauncher.run(RestartLauncher.java:49) ~[spring-boot-devtools-2.7.3.jar:2.7.3]
Caused by: liquibase.exception.LiquibaseException: liquibase.exception.UnexpectedLiquibaseException: java.io.IOException: The file ../sql/structure/create_payment_table.sql was not found in
    - file:/C:/Users/Liem/.m2/repository/org/axonframework/axon-configuration/4.5.15/axon-configuration-4.5.15.jar
    - file:/C:/Users/Liem/.m2/repository/org/axonframework/axon-disruptor/4.5.15/axon-disruptor-4.5.15.jar
    - file:/C:/Users/Liem/.m2/repository/org/axonframework/axon-eventsourcing/4.5.15/axon-eventsourcing-4.5.15.jar
    - file:/C:/Users/Liem/.m2/repository/org/axonframework/axon-messaging/4.5.15/axon-messaging-4.5.15.jar
    - file:/C:/Users/Liem/.m2/repository/org/axonframework/axon-modelling/4.5.15/axon-modelling-4.5.15.jar
    - file:/C:/Users/Liem/.m2/repository/org/axonframework/axon-server-connector/4.5.15/axon-server-connector-4.5.15.jar
    - file:/C:/Users/Liem/.m2/repository/org/axonframework/axon-spring-boot-autoconfigure/4.5.15/axon-spring-boot-autoconfigure-4.5.15.jar
    - file:/C:/Users/Liem/.m2/repository/org/axonframework/axon-spring/4.5.15/axon-spring-4.5.15.jar
    - file:/D:/Work/event-driven-ms/core-service/target/classes/
    - file:/D:/Work/event-driven-ms/order-service/target/classes/
Specifying files by absolute path was removed in Liquibase 4.0. Please use a relative path or add '/' to the classpath parameter.
	at liquibase.changelog.ChangeLogIterator.run(ChangeLogIterator.java:126) ~[liquibase-core-4.9.1.jar:na]
	at liquibase.changelog.DatabaseChangeLog.validate(DatabaseChangeLog.java:289) ~[liquibase-core-4.9.1.jar:na]
	at liquibase.Liquibase.lambda$update$1(Liquibase.java:231) ~[liquibase-core-4.9.1.jar:na]
	at liquibase.Scope.lambda$child$0(Scope.java:180) ~[liquibase-core-4.9.1.jar:na]
	at liquibase.Scope.child(Scope.java:189) ~[liquibase-core-4.9.1.jar:na]
	at liquibase.Scope.child(Scope.java:179) ~[liquibase-core-4.9.1.jar:na]
	at liquibase.Scope.child(Scope.java:158) ~[liquibase-core-4.9.1.jar:na]
	at liquibase.Liquibase.runInScope(Liquibase.java:2405) ~[liquibase-core-4.9.1.jar:na]
	at liquibase.Liquibase.update(Liquibase.java:211) ~[liquibase-core-4.9.1.jar:na]
	at liquibase.Liquibase.update(Liquibase.java:197) ~[liquibase-core-4.9.1.jar:na]
	at liquibase.integration.spring.SpringLiquibase.performUpdate(SpringLiquibase.java:314) ~[liquibase-core-4.9.1.jar:na]
	at liquibase.integration.spring.SpringLiquibase.afterPropertiesSet(SpringLiquibase.java:269) ~[liquibase-core-4.9.1.jar:na]
	at org.springframework.beans.factory.support.AbstractAutowireCapableBeanFactory.invokeInitMethods(AbstractAutowireCapableBeanFactory.java:1863) ~[spring-beans-5.3.22.jar:5.3.22]
	at org.springframework.beans.factory.support.AbstractAutowireCapableBeanFactory.initializeBean(AbstractAutowireCapableBeanFactory.java:1800) ~[spring-beans-5.3.22.jar:5.3.22]
	... 23 common frames omitted
Caused by: liquibase.exception.UnexpectedLiquibaseException: java.io.IOException: The file ../sql/structure/create_payment_table.sql was not found in
    - file:/C:/Users/Liem/.m2/repository/org/axonframework/axon-configuration/4.5.15/axon-configuration-4.5.15.jar
    - file:/C:/Users/Liem/.m2/repository/org/axonframework/axon-disruptor/4.5.15/axon-disruptor-4.5.15.jar
    - file:/C:/Users/Liem/.m2/repository/org/axonframework/axon-eventsourcing/4.5.15/axon-eventsourcing-4.5.15.jar
    - file:/C:/Users/Liem/.m2/repository/org/axonframework/axon-messaging/4.5.15/axon-messaging-4.5.15.jar
    - file:/C:/Users/Liem/.m2/repository/org/axonframework/axon-modelling/4.5.15/axon-modelling-4.5.15.jar
    - file:/C:/Users/Liem/.m2/repository/org/axonframework/axon-server-connector/4.5.15/axon-server-connector-4.5.15.jar
    - file:/C:/Users/Liem/.m2/repository/org/axonframework/axon-spring-boot-autoconfigure/4.5.15/axon-spring-boot-autoconfigure-4.5.15.jar
    - file:/C:/Users/Liem/.m2/repository/org/axonframework/axon-spring/4.5.15/axon-spring-4.5.15.jar
    - file:/D:/Work/event-driven-ms/core-service/target/classes/
    - file:/D:/Work/event-driven-ms/order-service/target/classes/
Specifying files by absolute path was removed in Liquibase 4.0. Please use a relative path or add '/' to the classpath parameter.
	at liquibase.change.AbstractSQLChange.generateCheckSum(AbstractSQLChange.java:203) ~[liquibase-core-4.9.1.jar:na]
	at liquibase.changelog.ChangeSet.generateCheckSum(ChangeSet.java:307) ~[liquibase-core-4.9.1.jar:na]
	at liquibase.changelog.ChangeSet.toString(ChangeSet.java:938) ~[liquibase-core-4.9.1.jar:na]
	at liquibase.changelog.ChangeLogIterator.createKey(ChangeLogIterator.java:181) ~[liquibase-core-4.9.1.jar:na]
	at liquibase.changelog.ChangeLogIterator.alreadySaw(ChangeLogIterator.java:189) ~[liquibase-core-4.9.1.jar:na]
	at liquibase.changelog.ChangeLogIterator$2.lambda$run$1(ChangeLogIterator.java:94) ~[liquibase-core-4.9.1.jar:na]
	at liquibase.Scope.lambda$child$0(Scope.java:180) ~[liquibase-core-4.9.1.jar:na]
	at liquibase.Scope.child(Scope.java:189) ~[liquibase-core-4.9.1.jar:na]
	at liquibase.Scope.child(Scope.java:179) ~[liquibase-core-4.9.1.jar:na]
	at liquibase.Scope.child(Scope.java:158) ~[liquibase-core-4.9.1.jar:na]
	at liquibase.Scope.child(Scope.java:243) ~[liquibase-core-4.9.1.jar:na]
	at liquibase.changelog.ChangeLogIterator$2.run(ChangeLogIterator.java:93) ~[liquibase-core-4.9.1.jar:na]
	at liquibase.Scope.lambda$child$0(Scope.java:180) ~[liquibase-core-4.9.1.jar:na]
	at liquibase.Scope.child(Scope.java:189) ~[liquibase-core-4.9.1.jar:na]
	at liquibase.Scope.child(Scope.java:179) ~[liquibase-core-4.9.1.jar:na]
	at liquibase.Scope.child(Scope.java:158) ~[liquibase-core-4.9.1.jar:na]
	at liquibase.Scope.child(Scope.java:243) ~[liquibase-core-4.9.1.jar:na]
	at liquibase.Scope.child(Scope.java:247) ~[liquibase-core-4.9.1.jar:na]
	at liquibase.changelog.ChangeLogIterator.run(ChangeLogIterator.java:65) ~[liquibase-core-4.9.1.jar:na]
	... 36 common frames omitted
Caused by: java.io.IOException: The file ../sql/structure/create_payment_table.sql was not found in
    - file:/C:/Users/Liem/.m2/repository/org/axonframework/axon-configuration/4.5.15/axon-configuration-4.5.15.jar
    - file:/C:/Users/Liem/.m2/repository/org/axonframework/axon-disruptor/4.5.15/axon-disruptor-4.5.15.jar
    - file:/C:/Users/Liem/.m2/repository/org/axonframework/axon-eventsourcing/4.5.15/axon-eventsourcing-4.5.15.jar
    - file:/C:/Users/Liem/.m2/repository/org/axonframework/axon-messaging/4.5.15/axon-messaging-4.5.15.jar
    - file:/C:/Users/Liem/.m2/repository/org/axonframework/axon-modelling/4.5.15/axon-modelling-4.5.15.jar
    - file:/C:/Users/Liem/.m2/repository/org/axonframework/axon-server-connector/4.5.15/axon-server-connector-4.5.15.jar
    - file:/C:/Users/Liem/.m2/repository/org/axonframework/axon-spring-boot-autoconfigure/4.5.15/axon-spring-boot-autoconfigure-4.5.15.jar
    - file:/C:/Users/Liem/.m2/repository/org/axonframework/axon-spring/4.5.15/axon-spring-4.5.15.jar
    - file:/D:/Work/event-driven-ms/core-service/target/classes/
    - file:/D:/Work/event-driven-ms/order-service/target/classes/
Specifying files by absolute path was removed in Liquibase 4.0. Please use a relative path or add '/' to the classpath parameter.
	at liquibase.change.core.SQLFileChange.openSqlStream(SQLFileChange.java:131) ~[liquibase-core-4.9.1.jar:na]
	at liquibase.change.AbstractSQLChange.generateCheckSum(AbstractSQLChange.java:189) ~[liquibase-core-4.9.1.jar:na]
	... 54 common frames omitted

2022-09-05 14:09:02.992  INFO 25240 --- [restartedMain] c.l.m.p.PaymentServiceApplication        : Starting PaymentServiceApplication using Java 11.0.12 on DESKTOP-6L79JE3 with PID 25240 (D:\Work\event-driven-ms\payment-service\target\classes started by Liem in D:\Work\event-driven-ms)
2022-09-05 14:09:02.996 DEBUG 25240 --- [restartedMain] c.l.m.p.PaymentServiceApplication        : Running with Spring Boot v2.7.3, Spring v5.3.22
2022-09-05 14:09:02.997  INFO 25240 --- [restartedMain] c.l.m.p.PaymentServiceApplication        : The following 1 profile is active: "dev"
2022-09-05 14:09:06.380  INFO 25240 --- [restartedMain] o.apache.catalina.core.StandardService   : Starting service [Tomcat]
2022-09-05 14:09:06.380  INFO 25240 --- [restartedMain] org.apache.catalina.core.StandardEngine  : Starting Servlet engine: [Apache Tomcat/9.0.65]
2022-09-05 14:09:06.549  INFO 25240 --- [restartedMain] o.a.c.c.C.[Tomcat].[localhost].[/order]  : Initializing Spring embedded WebApplicationContext
2022-09-05 14:09:07.231  INFO 25240 --- [restartedMain] com.zaxxer.hikari.HikariDataSource       : HikariPool-1 - Starting...
2022-09-05 14:09:07.406  INFO 25240 --- [restartedMain] com.zaxxer.hikari.HikariDataSource       : HikariPool-1 - Start completed.
2022-09-05 14:09:07.603  INFO 25240 --- [restartedMain] liquibase.database                       : Set default schema name to public
2022-09-05 14:09:07.787  INFO 25240 --- [restartedMain] liquibase.lockservice                    : Successfully acquired change log lock
2022-09-05 14:09:08.331  INFO 25240 --- [restartedMain] liquibase.changelog                      : Creating database history table with name: public.databasechangelog
2022-09-05 14:09:08.350  INFO 25240 --- [restartedMain] liquibase.changelog                      : Reading from public.databasechangelog
2022-09-05 14:09:08.469  INFO 25240 --- [restartedMain] liquibase.changelog                      : SQL in file ../sql/structure/create_payment_table.sql executed
2022-09-05 14:09:08.469  INFO 25240 --- [restartedMain] liquibase.changelog                      : ChangeSet db/changelog/structure.xml::1::liem ran successfully in 29ms
2022-09-05 14:09:08.485  INFO 25240 --- [restartedMain] liquibase.lockservice                    : Successfully released change log lock
2022-09-05 14:09:08.642  INFO 25240 --- [restartedMain] o.hibernate.jpa.internal.util.LogHelper  : HHH000204: Processing PersistenceUnitInfo [name: default]
2022-09-05 14:09:08.724  INFO 25240 --- [restartedMain] org.hibernate.Version                    : HHH000412: Hibernate ORM core version 5.6.10.Final
2022-09-05 14:09:08.959  INFO 25240 --- [restartedMain] o.hibernate.annotations.common.Version   : HCANN000001: Hibernate Commons Annotations {5.1.2.Final}
2022-09-05 14:09:09.118  INFO 25240 --- [restartedMain] org.hibernate.dialect.Dialect            : HHH000400: Using dialect: org.hibernate.dialect.PostgreSQL10Dialect
2022-09-05 14:09:10.164  INFO 25240 --- [restartedMain] o.h.e.t.j.p.i.JtaPlatformInitiator       : HHH000490: Using JtaPlatform implementation: [org.hibernate.engine.transaction.jta.platform.internal.NoJtaPlatform]
2022-09-05 14:09:12.113  INFO 25240 --- [restartedMain] o.a.serialization.ChainingConverter      : ContentTypeConverter of type [class org.axonframework.serialization.xml.Dom4JToByteArrayConverter] is ignored. It seems to rely on a class that is not available in the class loader: org/dom4j/Document
2022-09-05 14:09:12.113  INFO 25240 --- [restartedMain] o.a.serialization.ChainingConverter      : ContentTypeConverter of type [class org.axonframework.serialization.xml.InputStreamToDom4jConverter] is ignored. It seems to rely on a class that is not available in the class loader: org/dom4j/Document
2022-09-05 14:09:12.114  INFO 25240 --- [restartedMain] o.a.serialization.ChainingConverter      : ContentTypeConverter of type [class org.axonframework.serialization.xml.XomToStringConverter] is ignored. It seems to rely on a class that is not available in the class loader: nu/xom/Document
2022-09-05 14:09:12.115  INFO 25240 --- [restartedMain] o.a.serialization.ChainingConverter      : ContentTypeConverter of type [class org.axonframework.serialization.xml.InputStreamToXomConverter] is ignored. It seems to rely on a class that is not available in the class loader: nu/xom/Document
2022-09-05 14:09:17.240  INFO 25240 --- [restartedMain] i.a.a.c.impl.AxonServerManagedChannel    : Requesting connection details from localhost:8124
2022-09-05 14:09:18.301  INFO 25240 --- [restartedMain] i.a.a.c.impl.AxonServerManagedChannel    : Successfully connected to localhost:8124
2022-09-05 14:09:18.321  INFO 25240 --- [restartedMain] i.a.a.connector.impl.ControlChannelImpl  : Connected instruction stream for context 'default'. Sending client identification
2022-09-05 14:09:18.340  INFO 25240 --- [restartedMain] i.a.a.c.command.impl.CommandChannelImpl  : CommandChannel for context 'default' connected, 0 command handlers registered
2022-09-05 14:09:18.343  INFO 25240 --- [restartedMain] i.a.a.c.command.impl.CommandChannelImpl  : Registered handler for command 'com.liem.ms.coreservice.commands.ProcessPaymentCommand' in context 'default'
2022-09-05 14:09:18.607  INFO 25240 --- [EventProcessor[com.liem.ms.paymentservice.query.handler]-0] o.a.e.TrackingEventProcessor             : Worker assigned to segment Segment[0/0] for processing
2022-09-05 14:09:18.616  INFO 25240 --- [EventProcessor[com.liem.ms.paymentservice.query.handler]-0] o.a.e.TrackingEventProcessor             : Using current Thread for last segment worker: TrackingSegmentWorker{processor=com.liem.ms.paymentservice.query.handler, segment=Segment[0/0]}
2022-09-05 14:09:18.626  INFO 25240 --- [EventProcessor[com.liem.ms.paymentservice.query.handler]-0] o.a.e.TrackingEventProcessor             : Fetched token: null for segment: Segment[0/0]
2022-09-05 14:09:18.632  INFO 25240 --- [restartedMain] com.netflix.discovery.DiscoveryClient    : Initializing Eureka in region us-east-1
2022-09-05 14:09:18.639  INFO 25240 --- [restartedMain] c.n.d.s.r.aws.ConfigClusterResolver      : Resolving eureka endpoints via configuration
2022-09-05 14:09:18.687  INFO 25240 --- [restartedMain] com.netflix.discovery.DiscoveryClient    : Disable delta property : false
2022-09-05 14:09:18.687  INFO 25240 --- [restartedMain] com.netflix.discovery.DiscoveryClient    : Single vip registry refresh property : null
2022-09-05 14:09:18.688  INFO 25240 --- [restartedMain] com.netflix.discovery.DiscoveryClient    : Force full registry fetch : false
2022-09-05 14:09:18.688  INFO 25240 --- [restartedMain] com.netflix.discovery.DiscoveryClient    : Application is null : false
2022-09-05 14:09:18.688  INFO 25240 --- [restartedMain] com.netflix.discovery.DiscoveryClient    : Registered Applications size is zero : true
2022-09-05 14:09:18.688  INFO 25240 --- [restartedMain] com.netflix.discovery.DiscoveryClient    : Application version is -1: true
2022-09-05 14:09:18.688  INFO 25240 --- [restartedMain] com.netflix.discovery.DiscoveryClient    : Getting all instance registry info from the eureka server
2022-09-05 14:09:19.343  INFO 25240 --- [restartedMain] com.netflix.discovery.DiscoveryClient    : The response status is 200
2022-09-05 14:09:19.347  INFO 25240 --- [restartedMain] com.netflix.discovery.DiscoveryClient    : Starting heartbeat executor: renew interval is: 30
2022-09-05 14:09:19.351  INFO 25240 --- [restartedMain] c.n.discovery.InstanceInfoReplicator     : InstanceInfoReplicator onDemand update allowed rate per min is 4
2022-09-05 14:09:19.358  INFO 25240 --- [restartedMain] com.netflix.discovery.DiscoveryClient    : Discovery Client initialized at timestamp 1662361759356 with initial instances count: 0
2022-09-05 14:09:19.366  INFO 25240 --- [restartedMain] com.netflix.discovery.DiscoveryClient    : Saw local status change event StatusChangeEvent [timestamp=1662361759366, current=UP, previous=STARTING]
2022-09-05 14:09:19.368  INFO 25240 --- [DiscoveryClient-InstanceInfoReplicator-0] com.netflix.discovery.DiscoveryClient    : DiscoveryClient_PAYMENT-SERVICE/payment-service:0f43145c907152753593894128576ca5: registering service...
2022-09-05 14:09:19.562  INFO 25240 --- [DiscoveryClient-InstanceInfoReplicator-0] com.netflix.discovery.DiscoveryClient    : DiscoveryClient_PAYMENT-SERVICE/payment-service:0f43145c907152753593894128576ca5 - registration status: 204
2022-09-05 14:09:20.747  INFO 25240 --- [restartedMain] c.l.m.p.PaymentServiceApplication        : Started PaymentServiceApplication in 19.85 seconds (JVM running for 22.383)
2022-09-05 14:09:20.907  INFO 25240 --- [RMI TCP Connection(7)-172.27.30.1] o.a.c.c.C.[Tomcat].[localhost].[/order]  : Initializing Spring DispatcherServlet 'dispatcherServlet'
2022-09-05 14:09:31.612  INFO 11940 --- [restartedMain] c.l.m.o.OrderServiceApplication          : Starting OrderServiceApplication using Java 11.0.12 on DESKTOP-6L79JE3 with PID 11940 (D:\Work\event-driven-ms\order-service\target\classes started by Liem in D:\Work\event-driven-ms)
2022-09-05 14:09:31.614 DEBUG 11940 --- [restartedMain] c.l.m.o.OrderServiceApplication          : Running with Spring Boot v2.7.3, Spring v5.3.22
2022-09-05 14:09:31.615  INFO 11940 --- [restartedMain] c.l.m.o.OrderServiceApplication          : The following 1 profile is active: "dev"
2022-09-05 14:09:35.057  INFO 11940 --- [restartedMain] o.apache.catalina.core.StandardService   : Starting service [Tomcat]
2022-09-05 14:09:35.058  INFO 11940 --- [restartedMain] org.apache.catalina.core.StandardEngine  : Starting Servlet engine: [Apache Tomcat/9.0.65]
2022-09-05 14:09:35.244  INFO 11940 --- [restartedMain] o.a.c.c.C.[Tomcat].[localhost].[/order]  : Initializing Spring embedded WebApplicationContext
2022-09-05 14:09:35.946  INFO 11940 --- [restartedMain] com.zaxxer.hikari.HikariDataSource       : HikariPool-1 - Starting...
2022-09-05 14:09:36.206  INFO 11940 --- [restartedMain] com.zaxxer.hikari.HikariDataSource       : HikariPool-1 - Start completed.
2022-09-05 14:09:36.494  INFO 11940 --- [restartedMain] liquibase.database                       : Set default schema name to public
2022-09-05 14:09:36.662  INFO 11940 --- [restartedMain] liquibase.lockservice                    : Successfully acquired change log lock
2022-09-05 14:09:37.414  INFO 11940 --- [restartedMain] liquibase.changelog                      : Reading from public.databasechangelog
2022-09-05 14:09:37.520  INFO 11940 --- [restartedMain] liquibase.lockservice                    : Successfully released change log lock
2022-09-05 14:09:37.675  INFO 11940 --- [restartedMain] o.hibernate.jpa.internal.util.LogHelper  : HHH000204: Processing PersistenceUnitInfo [name: default]
2022-09-05 14:09:37.755  INFO 11940 --- [restartedMain] org.hibernate.Version                    : HHH000412: Hibernate ORM core version 5.6.10.Final
2022-09-05 14:09:38.016  INFO 11940 --- [restartedMain] o.hibernate.annotations.common.Version   : HCANN000001: Hibernate Commons Annotations {5.1.2.Final}
2022-09-05 14:09:38.217  INFO 11940 --- [restartedMain] org.hibernate.dialect.Dialect            : HHH000400: Using dialect: org.hibernate.dialect.PostgreSQL10Dialect
2022-09-05 14:09:40.003  INFO 11940 --- [restartedMain] o.h.e.t.j.p.i.JtaPlatformInitiator       : HHH000490: Using JtaPlatform implementation: [org.hibernate.engine.transaction.jta.platform.internal.NoJtaPlatform]
2022-09-05 14:09:40.924  INFO 11940 --- [restartedMain] o.a.serialization.ChainingConverter      : ContentTypeConverter of type [class org.axonframework.serialization.xml.Dom4JToByteArrayConverter] is ignored. It seems to rely on a class that is not available in the class loader: org/dom4j/Document
2022-09-05 14:09:40.925  INFO 11940 --- [restartedMain] o.a.serialization.ChainingConverter      : ContentTypeConverter of type [class org.axonframework.serialization.xml.InputStreamToDom4jConverter] is ignored. It seems to rely on a class that is not available in the class loader: org/dom4j/Document
2022-09-05 14:09:40.927  INFO 11940 --- [restartedMain] o.a.serialization.ChainingConverter      : ContentTypeConverter of type [class org.axonframework.serialization.xml.XomToStringConverter] is ignored. It seems to rely on a class that is not available in the class loader: nu/xom/Document
2022-09-05 14:09:40.930  INFO 11940 --- [restartedMain] o.a.serialization.ChainingConverter      : ContentTypeConverter of type [class org.axonframework.serialization.xml.InputStreamToXomConverter] is ignored. It seems to rely on a class that is not available in the class loader: nu/xom/Document
2022-09-05 14:09:43.081  INFO 3408 --- [restartedMain] c.l.m.p.ProductServiceApplication        : Starting ProductServiceApplication using Java 11.0.12 on DESKTOP-6L79JE3 with PID 3408 (D:\Work\event-driven-ms\product-service\target\classes started by Liem in D:\Work\event-driven-ms)
2022-09-05 14:09:43.083 DEBUG 3408 --- [restartedMain] c.l.m.p.ProductServiceApplication        : Running with Spring Boot v2.7.3, Spring v5.3.22
2022-09-05 14:09:43.084  INFO 3408 --- [restartedMain] c.l.m.p.ProductServiceApplication        : The following 1 profile is active: "dev"
2022-09-05 14:09:48.062  INFO 1064 --- [restartedMain] c.l.m.u.UserServiceApplication           : Starting UserServiceApplication using Java 11.0.12 on DESKTOP-6L79JE3 with PID 1064 (D:\Work\event-driven-ms\user-service\target\classes started by Liem in D:\Work\event-driven-ms)
2022-09-05 14:09:48.064 DEBUG 1064 --- [restartedMain] c.l.m.u.UserServiceApplication           : Running with Spring Boot v2.7.3, Spring v5.3.22
2022-09-05 14:09:48.065  INFO 1064 --- [restartedMain] c.l.m.u.UserServiceApplication           : The following 1 profile is active: "dev"
2022-09-05 14:09:48.435  INFO 3408 --- [restartedMain] o.apache.catalina.core.StandardService   : Starting service [Tomcat]
2022-09-05 14:09:48.436  INFO 3408 --- [restartedMain] org.apache.catalina.core.StandardEngine  : Starting Servlet engine: [Apache Tomcat/9.0.65]
2022-09-05 14:09:48.602  INFO 3408 --- [restartedMain] o.a.c.c.C.[.[localhost].[/product]       : Initializing Spring embedded WebApplicationContext
2022-09-05 14:09:49.347  INFO 25240 --- [DiscoveryClient-CacheRefreshExecutor-0] com.netflix.discovery.DiscoveryClient    : Disable delta property : false
2022-09-05 14:09:49.348  INFO 25240 --- [DiscoveryClient-CacheRefreshExecutor-0] com.netflix.discovery.DiscoveryClient    : Single vip registry refresh property : null
2022-09-05 14:09:49.348  INFO 25240 --- [DiscoveryClient-CacheRefreshExecutor-0] com.netflix.discovery.DiscoveryClient    : Force full registry fetch : false
2022-09-05 14:09:49.348  INFO 25240 --- [DiscoveryClient-CacheRefreshExecutor-0] com.netflix.discovery.DiscoveryClient    : Application is null : false
2022-09-05 14:09:49.348  INFO 25240 --- [DiscoveryClient-CacheRefreshExecutor-0] com.netflix.discovery.DiscoveryClient    : Registered Applications size is zero : true
2022-09-05 14:09:49.348  INFO 25240 --- [DiscoveryClient-CacheRefreshExecutor-0] com.netflix.discovery.DiscoveryClient    : Application version is -1: false
2022-09-05 14:09:49.348  INFO 25240 --- [DiscoveryClient-CacheRefreshExecutor-0] com.netflix.discovery.DiscoveryClient    : Getting all instance registry info from the eureka server
2022-09-05 14:09:49.367  INFO 25240 --- [DiscoveryClient-CacheRefreshExecutor-0] com.netflix.discovery.DiscoveryClient    : The response status is 200
2022-09-05 14:09:49.523  INFO 3408 --- [restartedMain] com.zaxxer.hikari.HikariDataSource       : HikariPool-1 - Starting...
2022-09-05 14:09:49.738  INFO 3408 --- [restartedMain] com.zaxxer.hikari.HikariDataSource       : HikariPool-1 - Start completed.
2022-09-05 14:09:50.026  INFO 3408 --- [restartedMain] liquibase.database                       : Set default schema name to public
2022-09-05 14:09:50.121  INFO 11940 --- [restartedMain] i.a.a.c.impl.AxonServerManagedChannel    : Requesting connection details from localhost:8124
2022-09-05 14:09:50.242  INFO 3408 --- [restartedMain] liquibase.lockservice                    : Successfully acquired change log lock
2022-09-05 14:09:50.989  INFO 3408 --- [restartedMain] liquibase.changelog                      : Reading from public.databasechangelog
2022-09-05 14:09:51.107  INFO 3408 --- [restartedMain] liquibase.lockservice                    : Successfully released change log lock
2022-09-05 14:09:51.141  INFO 11940 --- [restartedMain] i.a.a.c.impl.AxonServerManagedChannel    : Successfully connected to localhost:8124
2022-09-05 14:09:51.162  INFO 11940 --- [restartedMain] i.a.a.connector.impl.ControlChannelImpl  : Connected instruction stream for context 'default'. Sending client identification
2022-09-05 14:09:51.185  INFO 11940 --- [restartedMain] i.a.a.c.command.impl.CommandChannelImpl  : CommandChannel for context 'default' connected, 0 command handlers registered
2022-09-05 14:09:51.187  INFO 11940 --- [restartedMain] i.a.a.c.command.impl.CommandChannelImpl  : Registered handler for command 'com.liem.ms.orderservice.command.commands.CreateOrderCommand' in context 'default'
2022-09-05 14:09:51.295  INFO 3408 --- [restartedMain] o.hibernate.jpa.internal.util.LogHelper  : HHH000204: Processing PersistenceUnitInfo [name: default]
2022-09-05 14:09:51.367  INFO 3408 --- [restartedMain] org.hibernate.Version                    : HHH000412: Hibernate ORM core version 5.6.10.Final
2022-09-05 14:09:51.383  INFO 11940 --- [EventProcessor[OrderSagaImplProcessor]-0] o.a.e.TrackingEventProcessor             : Worker assigned to segment Segment[0/0] for processing
2022-09-05 14:09:51.392  INFO 11940 --- [EventProcessor[OrderSagaImplProcessor]-0] o.a.e.TrackingEventProcessor             : Using current Thread for last segment worker: TrackingSegmentWorker{processor=OrderSagaImplProcessor, segment=Segment[0/0]}
2022-09-05 14:09:51.428  INFO 11940 --- [restartedMain] com.netflix.discovery.DiscoveryClient    : Initializing Eureka in region us-east-1
2022-09-05 14:09:51.435  INFO 11940 --- [restartedMain] c.n.d.s.r.aws.ConfigClusterResolver      : Resolving eureka endpoints via configuration
2022-09-05 14:09:51.442  INFO 11940 --- [EventProcessor[OrderSagaImplProcessor]-0] o.a.e.TrackingEventProcessor             : Fetched token: IndexTrackingToken{globalIndex=19} for segment: Segment[0/0]
2022-09-05 14:09:51.477  INFO 11940 --- [restartedMain] com.netflix.discovery.DiscoveryClient    : Disable delta property : false
2022-09-05 14:09:51.477  INFO 11940 --- [restartedMain] com.netflix.discovery.DiscoveryClient    : Single vip registry refresh property : null
2022-09-05 14:09:51.478  INFO 11940 --- [restartedMain] com.netflix.discovery.DiscoveryClient    : Force full registry fetch : false
2022-09-05 14:09:51.478  INFO 11940 --- [restartedMain] com.netflix.discovery.DiscoveryClient    : Application is null : false
2022-09-05 14:09:51.478  INFO 11940 --- [restartedMain] com.netflix.discovery.DiscoveryClient    : Registered Applications size is zero : true
2022-09-05 14:09:51.478  INFO 11940 --- [restartedMain] com.netflix.discovery.DiscoveryClient    : Application version is -1: true
2022-09-05 14:09:51.479  INFO 11940 --- [restartedMain] com.netflix.discovery.DiscoveryClient    : Getting all instance registry info from the eureka server
2022-09-05 14:09:51.568  INFO 3408 --- [restartedMain] o.hibernate.annotations.common.Version   : HCANN000001: Hibernate Commons Annotations {5.1.2.Final}
2022-09-05 14:09:51.745  INFO 3408 --- [restartedMain] org.hibernate.dialect.Dialect            : HHH000400: Using dialect: org.hibernate.dialect.PostgreSQL10Dialect
2022-09-05 14:09:51.999  INFO 11940 --- [restartedMain] com.netflix.discovery.DiscoveryClient    : The response status is 200
2022-09-05 14:09:52.005  INFO 11940 --- [restartedMain] com.netflix.discovery.DiscoveryClient    : Starting heartbeat executor: renew interval is: 30
2022-09-05 14:09:52.011  INFO 11940 --- [restartedMain] c.n.discovery.InstanceInfoReplicator     : InstanceInfoReplicator onDemand update allowed rate per min is 4
2022-09-05 14:09:52.022  INFO 11940 --- [restartedMain] com.netflix.discovery.DiscoveryClient    : Discovery Client initialized at timestamp 1662361792020 with initial instances count: 1
2022-09-05 14:09:52.037  INFO 11940 --- [restartedMain] com.netflix.discovery.DiscoveryClient    : Saw local status change event StatusChangeEvent [timestamp=1662361792037, current=UP, previous=STARTING]
2022-09-05 14:09:52.041  INFO 11940 --- [DiscoveryClient-InstanceInfoReplicator-0] com.netflix.discovery.DiscoveryClient    : DiscoveryClient_ORDER-SERVICE/order-service:fcb35dd8329e2a9a78ef57880d8ed224: registering service...
2022-09-05 14:09:52.104  INFO 11940 --- [DiscoveryClient-InstanceInfoReplicator-0] com.netflix.discovery.DiscoveryClient    : DiscoveryClient_ORDER-SERVICE/order-service:fcb35dd8329e2a9a78ef57880d8ed224 - registration status: 204
2022-09-05 14:09:52.365  INFO 1064 --- [restartedMain] o.apache.catalina.core.StandardService   : Starting service [Tomcat]
2022-09-05 14:09:52.367  INFO 1064 --- [restartedMain] org.apache.catalina.core.StandardEngine  : Starting Servlet engine: [Apache Tomcat/9.0.65]
2022-09-05 14:09:52.606  INFO 1064 --- [restartedMain] o.a.c.c.C.[Tomcat].[localhost].[/user]   : Initializing Spring embedded WebApplicationContext
2022-09-05 14:09:52.829  INFO 3408 --- [restartedMain] o.h.e.t.j.p.i.JtaPlatformInitiator       : HHH000490: Using JtaPlatform implementation: [org.hibernate.engine.transaction.jta.platform.internal.NoJtaPlatform]
2022-09-05 14:09:52.887 TRACE 3408 --- [restartedMain] c.l.m.p.c.config.HandlerConfiguration    : Handler registration: com.liem.ms.productservice.command.handler.impl.ProductEventErrorHandler@3c89492b
2022-09-05 14:09:53.390  INFO 3408 --- [restartedMain] o.a.serialization.ChainingConverter      : ContentTypeConverter of type [class org.axonframework.serialization.xml.Dom4JToByteArrayConverter] is ignored. It seems to rely on a class that is not available in the class loader: org/dom4j/Document
2022-09-05 14:09:53.391  INFO 3408 --- [restartedMain] o.a.serialization.ChainingConverter      : ContentTypeConverter of type [class org.axonframework.serialization.xml.InputStreamToDom4jConverter] is ignored. It seems to rely on a class that is not available in the class loader: org/dom4j/Document
2022-09-05 14:09:53.392  INFO 3408 --- [restartedMain] o.a.serialization.ChainingConverter      : ContentTypeConverter of type [class org.axonframework.serialization.xml.XomToStringConverter] is ignored. It seems to rely on a class that is not available in the class loader: nu/xom/Document
2022-09-05 14:09:53.394  INFO 3408 --- [restartedMain] o.a.serialization.ChainingConverter      : ContentTypeConverter of type [class org.axonframework.serialization.xml.InputStreamToXomConverter] is ignored. It seems to rely on a class that is not available in the class loader: nu/xom/Document
2022-09-05 14:09:53.423  INFO 11940 --- [restartedMain] c.l.m.o.OrderServiceApplication          : Started OrderServiceApplication in 23.83 seconds (JVM running for 25.654)
2022-09-05 14:09:53.490  INFO 1064 --- [restartedMain] com.zaxxer.hikari.HikariDataSource       : HikariPool-1 - Starting...
2022-09-05 14:09:53.641  INFO 11940 --- [RMI TCP Connection(13)-172.27.30.1] o.a.c.c.C.[Tomcat].[localhost].[/order]  : Initializing Spring DispatcherServlet 'dispatcherServlet'
2022-09-05 14:09:53.717  INFO 1064 --- [restartedMain] com.zaxxer.hikari.HikariDataSource       : HikariPool-1 - Start completed.
2022-09-05 14:09:54.001  INFO 1064 --- [restartedMain] liquibase.database                       : Set default schema name to public
2022-09-05 14:09:54.075 TRACE 3408 --- [restartedMain] c.l.m.p.c.c.InterceptorConfiguration     : Handler registration: com.liem.ms.productservice.command.interceptor.UpdateProductCommandInterceptor@47f63751
2022-09-05 14:09:54.084 TRACE 3408 --- [restartedMain] c.l.m.p.c.c.InterceptorConfiguration     : Handler registration: com.liem.ms.productservice.command.interceptor.CreateProductCommandInterceptor@1596bf8f
2022-09-05 14:09:54.090 TRACE 3408 --- [restartedMain] c.l.m.p.c.c.InterceptorConfiguration     : Handler registration: com.liem.ms.productservice.command.interceptor.DeleteProductCommandInterceptor@20246d18
2022-09-05 14:09:54.183  INFO 1064 --- [restartedMain] liquibase.lockservice                    : Successfully acquired change log lock
2022-09-05 14:09:54.559  INFO 1064 --- [restartedMain] liquibase.changelog                      : Reading from public.databasechangelog
2022-09-05 14:09:54.633  INFO 1064 --- [restartedMain] liquibase.lockservice                    : Successfully released change log lock
2022-09-05 14:09:54.757  INFO 1064 --- [restartedMain] o.hibernate.jpa.internal.util.LogHelper  : HHH000204: Processing PersistenceUnitInfo [name: default]
2022-09-05 14:09:54.853  INFO 1064 --- [restartedMain] org.hibernate.Version                    : HHH000412: Hibernate ORM core version 5.6.10.Final
2022-09-05 14:09:55.045  INFO 1064 --- [restartedMain] o.hibernate.annotations.common.Version   : HCANN000001: Hibernate Commons Annotations {5.1.2.Final}
2022-09-05 14:09:55.221  INFO 1064 --- [restartedMain] org.hibernate.dialect.Dialect            : HHH000400: Using dialect: org.hibernate.dialect.PostgreSQL10Dialect
2022-09-05 14:09:56.064  INFO 1064 --- [restartedMain] o.h.e.t.j.p.i.JtaPlatformInitiator       : HHH000490: Using JtaPlatform implementation: [org.hibernate.engine.transaction.jta.platform.internal.NoJtaPlatform]
2022-09-05 14:09:56.492  INFO 1064 --- [restartedMain] o.a.serialization.ChainingConverter      : ContentTypeConverter of type [class org.axonframework.serialization.xml.Dom4JToByteArrayConverter] is ignored. It seems to rely on a class that is not available in the class loader: org/dom4j/Document
2022-09-05 14:09:56.493  INFO 1064 --- [restartedMain] o.a.serialization.ChainingConverter      : ContentTypeConverter of type [class org.axonframework.serialization.xml.InputStreamToDom4jConverter] is ignored. It seems to rely on a class that is not available in the class loader: org/dom4j/Document
2022-09-05 14:09:56.494  INFO 1064 --- [restartedMain] o.a.serialization.ChainingConverter      : ContentTypeConverter of type [class org.axonframework.serialization.xml.XomToStringConverter] is ignored. It seems to rely on a class that is not available in the class loader: nu/xom/Document
2022-09-05 14:09:56.495  INFO 1064 --- [restartedMain] o.a.serialization.ChainingConverter      : ContentTypeConverter of type [class org.axonframework.serialization.xml.InputStreamToXomConverter] is ignored. It seems to rely on a class that is not available in the class loader: nu/xom/Document
2022-09-05 14:10:00.727  INFO 3408 --- [restartedMain] i.a.a.c.impl.AxonServerManagedChannel    : Requesting connection details from localhost:8124
2022-09-05 14:10:01.555  INFO 3408 --- [restartedMain] i.a.a.c.impl.AxonServerManagedChannel    : Successfully connected to localhost:8124
2022-09-05 14:10:01.572  INFO 3408 --- [restartedMain] i.a.a.connector.impl.ControlChannelImpl  : Connected instruction stream for context 'default'. Sending client identification
2022-09-05 14:10:01.600  INFO 3408 --- [restartedMain] i.a.a.c.query.impl.QueryChannelImpl      : QueryChannel for context 'default' connected, 0 registrations resubscribed
2022-09-05 14:10:01.610  INFO 3408 --- [restartedMain] i.a.a.c.query.impl.QueryChannelImpl      : Registered handler for query 'com.liem.ms.productservice.query.queries.FindProductQuery : java.util.List<com.liem.ms.productservice.query.entity.ProductEntity>' in context 'default'
2022-09-05 14:10:01.675  INFO 3408 --- [restartedMain] i.a.a.c.command.impl.CommandChannelImpl  : CommandChannel for context 'default' connected, 0 command handlers registered
2022-09-05 14:10:01.677  INFO 3408 --- [restartedMain] i.a.a.c.command.impl.CommandChannelImpl  : Registered handler for command 'com.liem.ms.productservice.command.commands.product.CreateProductCommand' in context 'default'
2022-09-05 14:10:01.686  INFO 3408 --- [restartedMain] i.a.a.c.command.impl.CommandChannelImpl  : Registered handler for command 'com.liem.ms.coreservice.commands.ReserveProductCommand' in context 'default'
2022-09-05 14:10:01.686  INFO 3408 --- [restartedMain] i.a.a.c.command.impl.CommandChannelImpl  : Registered handler for command 'com.liem.ms.productservice.command.commands.product.SupplyProductCommand' in context 'default'
2022-09-05 14:10:01.687  INFO 3408 --- [restartedMain] i.a.a.c.command.impl.CommandChannelImpl  : Registered handler for command 'com.liem.ms.productservice.command.commands.product.UpdateProductCommand' in context 'default'
2022-09-05 14:10:01.689  INFO 3408 --- [restartedMain] i.a.a.c.command.impl.CommandChannelImpl  : Registered handler for command 'com.liem.ms.productservice.command.commands.common.DeleteCommand' in context 'default'
2022-09-05 14:10:01.786  INFO 3408 --- [restartedMain] com.netflix.discovery.DiscoveryClient    : Initializing Eureka in region us-east-1
2022-09-05 14:10:01.790  INFO 3408 --- [restartedMain] c.n.d.s.r.aws.ConfigClusterResolver      : Resolving eureka endpoints via configuration
2022-09-05 14:10:01.817  INFO 3408 --- [restartedMain] com.netflix.discovery.DiscoveryClient    : Disable delta property : false
2022-09-05 14:10:01.817  INFO 3408 --- [restartedMain] com.netflix.discovery.DiscoveryClient    : Single vip registry refresh property : null
2022-09-05 14:10:01.817  INFO 3408 --- [restartedMain] com.netflix.discovery.DiscoveryClient    : Force full registry fetch : false
2022-09-05 14:10:01.818  INFO 3408 --- [restartedMain] com.netflix.discovery.DiscoveryClient    : Application is null : false
2022-09-05 14:10:01.818  INFO 3408 --- [restartedMain] com.netflix.discovery.DiscoveryClient    : Registered Applications size is zero : true
2022-09-05 14:10:01.818  INFO 3408 --- [restartedMain] com.netflix.discovery.DiscoveryClient    : Application version is -1: true
2022-09-05 14:10:01.818  INFO 3408 --- [restartedMain] com.netflix.discovery.DiscoveryClient    : Getting all instance registry info from the eureka server
2022-09-05 14:10:02.168  INFO 3408 --- [restartedMain] com.netflix.discovery.DiscoveryClient    : The response status is 200
2022-09-05 14:10:02.172  INFO 3408 --- [restartedMain] com.netflix.discovery.DiscoveryClient    : Starting heartbeat executor: renew interval is: 30
2022-09-05 14:10:02.176  INFO 3408 --- [restartedMain] c.n.discovery.InstanceInfoReplicator     : InstanceInfoReplicator onDemand update allowed rate per min is 4
2022-09-05 14:10:02.183  INFO 3408 --- [restartedMain] com.netflix.discovery.DiscoveryClient    : Discovery Client initialized at timestamp 1662361802182 with initial instances count: 2
2022-09-05 14:10:02.191  INFO 3408 --- [restartedMain] com.netflix.discovery.DiscoveryClient    : Saw local status change event StatusChangeEvent [timestamp=1662361802191, current=UP, previous=STARTING]
2022-09-05 14:10:02.194  INFO 3408 --- [DiscoveryClient-InstanceInfoReplicator-0] com.netflix.discovery.DiscoveryClient    : DiscoveryClient_PRODUCT-SERVICE/product-service:1304dd3dfac120fce3e26f8a367e0528: registering service...
2022-09-05 14:10:02.267  INFO 3408 --- [DiscoveryClient-InstanceInfoReplicator-0] com.netflix.discovery.DiscoveryClient    : DiscoveryClient_PRODUCT-SERVICE/product-service:1304dd3dfac120fce3e26f8a367e0528 - registration status: 204
2022-09-05 14:10:03.058  INFO 1064 --- [restartedMain] i.a.a.c.impl.AxonServerManagedChannel    : Requesting connection details from localhost:8124
2022-09-05 14:10:03.576  INFO 3408 --- [restartedMain] c.l.m.p.ProductServiceApplication        : Started ProductServiceApplication in 22.798 seconds (JVM running for 25.191)
2022-09-05 14:10:03.920  INFO 1064 --- [restartedMain] i.a.a.c.impl.AxonServerManagedChannel    : Successfully connected to localhost:8124
2022-09-05 14:10:03.957  INFO 1064 --- [restartedMain] i.a.a.connector.impl.ControlChannelImpl  : Connected instruction stream for context 'default'. Sending client identification
2022-09-05 14:10:04.016  INFO 1064 --- [restartedMain] i.a.a.c.query.impl.QueryChannelImpl      : QueryChannel for context 'default' connected, 0 registrations resubscribed
2022-09-05 14:10:04.034  INFO 1064 --- [restartedMain] i.a.a.c.query.impl.QueryChannelImpl      : Registered handler for query 'com.liem.ms.coreservice.queries.FetchUserPaymentDetailsQuery : com.liem.ms.coreservice.models.User' in context 'default'
2022-09-05 14:10:04.106  INFO 3408 --- [RMI TCP Connection(6)-172.27.30.1] o.a.c.c.C.[.[localhost].[/product]       : Initializing Spring DispatcherServlet 'dispatcherServlet'
2022-09-05 14:10:04.155  INFO 1064 --- [restartedMain] com.netflix.discovery.DiscoveryClient    : Initializing Eureka in region us-east-1
2022-09-05 14:10:04.165  INFO 1064 --- [restartedMain] c.n.d.s.r.aws.ConfigClusterResolver      : Resolving eureka endpoints via configuration
2022-09-05 14:10:04.212  INFO 1064 --- [restartedMain] com.netflix.discovery.DiscoveryClient    : Disable delta property : false
2022-09-05 14:10:04.213  INFO 1064 --- [restartedMain] com.netflix.discovery.DiscoveryClient    : Single vip registry refresh property : null
2022-09-05 14:10:04.213  INFO 1064 --- [restartedMain] com.netflix.discovery.DiscoveryClient    : Force full registry fetch : false
2022-09-05 14:10:04.213  INFO 1064 --- [restartedMain] com.netflix.discovery.DiscoveryClient    : Application is null : false
2022-09-05 14:10:04.215  INFO 1064 --- [restartedMain] com.netflix.discovery.DiscoveryClient    : Registered Applications size is zero : true
2022-09-05 14:10:04.215  INFO 1064 --- [restartedMain] com.netflix.discovery.DiscoveryClient    : Application version is -1: true
2022-09-05 14:10:04.216  INFO 1064 --- [restartedMain] com.netflix.discovery.DiscoveryClient    : Getting all instance registry info from the eureka server
2022-09-05 14:10:04.728  INFO 1064 --- [restartedMain] com.netflix.discovery.DiscoveryClient    : The response status is 200
2022-09-05 14:10:04.734  INFO 1064 --- [restartedMain] com.netflix.discovery.DiscoveryClient    : Starting heartbeat executor: renew interval is: 30
2022-09-05 14:10:04.738  INFO 1064 --- [restartedMain] c.n.discovery.InstanceInfoReplicator     : InstanceInfoReplicator onDemand update allowed rate per min is 4
2022-09-05 14:10:04.746  INFO 1064 --- [restartedMain] com.netflix.discovery.DiscoveryClient    : Discovery Client initialized at timestamp 1662361804745 with initial instances count: 2
2022-09-05 14:10:04.755  INFO 1064 --- [restartedMain] com.netflix.discovery.DiscoveryClient    : Saw local status change event StatusChangeEvent [timestamp=1662361804755, current=UP, previous=STARTING]
2022-09-05 14:10:04.758  INFO 1064 --- [DiscoveryClient-InstanceInfoReplicator-0] com.netflix.discovery.DiscoveryClient    : DiscoveryClient_USER-SERVICE/user-service:25dde6786be99ac99504757298adf4ba: registering service...
2022-09-05 14:10:04.869  INFO 1064 --- [DiscoveryClient-InstanceInfoReplicator-0] com.netflix.discovery.DiscoveryClient    : DiscoveryClient_USER-SERVICE/user-service:25dde6786be99ac99504757298adf4ba - registration status: 204
2022-09-05 14:10:06.199  INFO 1064 --- [restartedMain] c.l.m.u.UserServiceApplication           : Started UserServiceApplication in 20.319 seconds (JVM running for 22.921)
2022-09-05 14:10:06.764  INFO 1064 --- [RMI TCP Connection(5)-172.27.30.1] o.a.c.c.C.[Tomcat].[localhost].[/user]   : Initializing Spring DispatcherServlet 'dispatcherServlet'
