2022-09-03 10:24:24.603  INFO 7988 --- [main] c.l.m.g.GatewayServiceApplicationTests   : Starting GatewayServiceApplicationTests using Java 12.0.1 on DESKTOP-6L79JE3 with PID 7988 (started by Liem in D:\Work\event-driven-ms\gateway-service)
2022-09-03 10:24:24.606  INFO 7988 --- [main] c.l.m.g.GatewayServiceApplicationTests   : No active profile set, falling back to 1 default profile: "default"
2022-09-03 10:24:26.137  INFO 7988 --- [main] .s.d.r.c.RepositoryConfigurationDelegate : Bootstrapping Spring Data R2DBC repositories in DEFAULT mode.
2022-09-03 10:24:26.428  INFO 7988 --- [main] .s.d.r.c.RepositoryConfigurationDelegate : Finished Spring Data repository scanning in 276 ms. Found 1 R2DBC repository interfaces.
2022-09-03 10:24:26.793  INFO 7988 --- [main] o.s.cloud.context.scope.GenericScope     : BeanFactory id=cb1f7c28-4235-3844-b36f-fb3e2c369d4a
2022-09-03 10:24:27.085  INFO 7988 --- [main] trationDelegate$BeanPostProcessorChecker : Bean 'org.springframework.cloud.client.loadbalancer.reactive.LoadBalancerBeanPostProcessorAutoConfiguration' of type [org.springframework.cloud.client.loadbalancer.reactive.LoadBalancerBeanPostProcessorAutoConfiguration] is not eligible for getting processed by all BeanPostProcessors (for example: not eligible for auto-proxying)
2022-09-03 10:24:27.088  INFO 7988 --- [main] trationDelegate$BeanPostProcessorChecker : Bean 'org.springframework.cloud.client.loadbalancer.reactive.LoadBalancerBeanPostProcessorAutoConfiguration$ReactorDeferringLoadBalancerFilterConfig' of type [org.springframework.cloud.client.loadbalancer.reactive.LoadBalancerBeanPostProcessorAutoConfiguration$ReactorDeferringLoadBalancerFilterConfig] is not eligible for getting processed by all BeanPostProcessors (for example: not eligible for auto-proxying)
2022-09-03 10:24:27.094  INFO 7988 --- [main] trationDelegate$BeanPostProcessorChecker : Bean 'reactorDeferringLoadBalancerExchangeFilterFunction' of type [org.springframework.cloud.client.loadbalancer.reactive.DeferringLoadBalancerExchangeFilterFunction] is not eligible for getting processed by all BeanPostProcessors (for example: not eligible for auto-proxying)
2022-09-03 10:24:29.833  INFO 7988 --- [main] o.s.cloud.commons.util.InetUtils         : Cannot determine local hostname
2022-09-03 10:24:31.102  INFO 7988 --- [main] o.s.c.g.r.RouteDefinitionRouteLocator    : Loaded RoutePredicateFactory [After]
2022-09-03 10:24:31.103  INFO 7988 --- [main] o.s.c.g.r.RouteDefinitionRouteLocator    : Loaded RoutePredicateFactory [Before]
2022-09-03 10:24:31.104  INFO 7988 --- [main] o.s.c.g.r.RouteDefinitionRouteLocator    : Loaded RoutePredicateFactory [Between]
2022-09-03 10:24:31.104  INFO 7988 --- [main] o.s.c.g.r.RouteDefinitionRouteLocator    : Loaded RoutePredicateFactory [Cookie]
2022-09-03 10:24:31.105  INFO 7988 --- [main] o.s.c.g.r.RouteDefinitionRouteLocator    : Loaded RoutePredicateFactory [Header]
2022-09-03 10:24:31.105  INFO 7988 --- [main] o.s.c.g.r.RouteDefinitionRouteLocator    : Loaded RoutePredicateFactory [Host]
2022-09-03 10:24:31.106  INFO 7988 --- [main] o.s.c.g.r.RouteDefinitionRouteLocator    : Loaded RoutePredicateFactory [Method]
2022-09-03 10:24:31.106  INFO 7988 --- [main] o.s.c.g.r.RouteDefinitionRouteLocator    : Loaded RoutePredicateFactory [Path]
2022-09-03 10:24:31.107  INFO 7988 --- [main] o.s.c.g.r.RouteDefinitionRouteLocator    : Loaded RoutePredicateFactory [Query]
2022-09-03 10:24:31.107  INFO 7988 --- [main] o.s.c.g.r.RouteDefinitionRouteLocator    : Loaded RoutePredicateFactory [ReadBody]
2022-09-03 10:24:31.108  INFO 7988 --- [main] o.s.c.g.r.RouteDefinitionRouteLocator    : Loaded RoutePredicateFactory [RemoteAddr]
2022-09-03 10:24:31.108  INFO 7988 --- [main] o.s.c.g.r.RouteDefinitionRouteLocator    : Loaded RoutePredicateFactory [XForwardedRemoteAddr]
2022-09-03 10:24:31.109  INFO 7988 --- [main] o.s.c.g.r.RouteDefinitionRouteLocator    : Loaded RoutePredicateFactory [Weight]
2022-09-03 10:24:31.110  INFO 7988 --- [main] o.s.c.g.r.RouteDefinitionRouteLocator    : Loaded RoutePredicateFactory [CloudFoundryRouteService]
2022-09-03 10:24:32.907  INFO 7988 --- [main] o.s.cloud.commons.util.InetUtils         : Cannot determine local hostname
2022-09-03 10:24:34.292  INFO 7988 --- [main] o.s.cloud.commons.util.InetUtils         : Cannot determine local hostname
2022-09-03 10:24:34.515  INFO 7988 --- [main] o.s.b.a.e.web.EndpointLinksResolver      : Exposing 18 endpoint(s) beneath base path '/actuator'
2022-09-03 10:24:34.905  INFO 7988 --- [main] ctiveUserDetailsServiceAutoConfiguration : 

Using generated security password: 587d4d2a-6627-43a6-99b9-93ea39f03ce3

2022-09-03 10:24:35.030  INFO 7988 --- [main] DiscoveryClientOptionalArgsConfiguration : Eureka HTTP Client uses RestTemplate.
2022-09-03 10:24:35.189  WARN 7988 --- [main] iguration$LoadBalancerCaffeineWarnLogger : Spring Cloud LoadBalancer is currently working with the default cache. While this cache implementation is useful for development and tests, it's recommended to use Caffeine cache in production.You can switch to using Caffeine cache, by adding it and org.springframework.cache.caffeine.CaffeineCacheManager to the classpath.
2022-09-03 10:24:35.260  INFO 7988 --- [main] o.s.c.n.eureka.InstanceInfoFactory       : Setting initial instance status as: STARTING
2022-09-03 10:24:35.383  INFO 7988 --- [main] com.netflix.discovery.DiscoveryClient    : Initializing Eureka in region us-east-1
2022-09-03 10:24:35.392  INFO 7988 --- [main] c.n.d.s.r.aws.ConfigClusterResolver      : Resolving eureka endpoints via configuration
2022-09-03 10:24:35.426  INFO 7988 --- [main] com.netflix.discovery.DiscoveryClient    : Disable delta property : false
2022-09-03 10:24:35.427  INFO 7988 --- [main] com.netflix.discovery.DiscoveryClient    : Single vip registry refresh property : null
2022-09-03 10:24:35.432  INFO 7988 --- [main] com.netflix.discovery.DiscoveryClient    : Force full registry fetch : false
2022-09-03 10:24:35.433  INFO 7988 --- [main] com.netflix.discovery.DiscoveryClient    : Application is null : false
2022-09-03 10:24:35.434  INFO 7988 --- [main] com.netflix.discovery.DiscoveryClient    : Registered Applications size is zero : true
2022-09-03 10:24:35.435  INFO 7988 --- [main] com.netflix.discovery.DiscoveryClient    : Application version is -1: true
2022-09-03 10:24:35.435  INFO 7988 --- [main] com.netflix.discovery.DiscoveryClient    : Getting all instance registry info from the eureka server
2022-09-03 10:24:35.971  INFO 7988 --- [main] com.netflix.discovery.DiscoveryClient    : The response status is 200
2022-09-03 10:24:35.975  INFO 7988 --- [main] com.netflix.discovery.DiscoveryClient    : Starting heartbeat executor: renew interval is: 30
2022-09-03 10:24:35.979  INFO 7988 --- [main] c.n.discovery.InstanceInfoReplicator     : InstanceInfoReplicator onDemand update allowed rate per min is 4
2022-09-03 10:24:35.987  INFO 7988 --- [main] com.netflix.discovery.DiscoveryClient    : Discovery Client initialized at timestamp 1662175475986 with initial instances count: 1
2022-09-03 10:24:35.995  INFO 7988 --- [main] o.s.c.n.e.s.EurekaServiceRegistry        : Registering application GATEWAY-SERVICE with eureka with status UP
2022-09-03 10:24:35.996  INFO 7988 --- [main] com.netflix.discovery.DiscoveryClient    : Saw local status change event StatusChangeEvent [timestamp=1662175475996, current=UP, previous=STARTING]
2022-09-03 10:24:36.000  INFO 7988 --- [DiscoveryClient-InstanceInfoReplicator-0] com.netflix.discovery.DiscoveryClient    : DiscoveryClient_GATEWAY-SERVICE/gateway-service:23b1e403d62720ded4653db05ebd309b: registering service...
2022-09-03 10:24:36.090  INFO 7988 --- [DiscoveryClient-InstanceInfoReplicator-0] com.netflix.discovery.DiscoveryClient    : DiscoveryClient_GATEWAY-SERVICE/gateway-service:23b1e403d62720ded4653db05ebd309b - registration status: 204
2022-09-03 10:24:37.391  WARN 7988 --- [main] r.c.GenericReactiveWebApplicationContext : Exception encountered during context initialization - cancelling refresh attempt: org.springframework.context.ApplicationContextException: Failed to start bean 'eurekaAutoServiceRegistration'; nested exception is org.springframework.r2dbc.BadSqlGrammarException: executeMany; bad SQL grammar [SELECT routes.* FROM routes]; nested exception is io.r2dbc.spi.R2dbcBadGrammarException: [1146] [42S02] Table 'gateway.routes' doesn't exist
2022-09-03 10:24:37.399 ERROR 7988 --- [reactor-tcp-nio-2] o.s.c.gateway.route.CachingRouteLocator  : Refresh routes error !!!

org.springframework.r2dbc.BadSqlGrammarException: executeMany; bad SQL grammar [SELECT routes.* FROM routes]; nested exception is io.r2dbc.spi.R2dbcBadGrammarException: [1146] [42S02] Table 'gateway.routes' doesn't exist
	at org.springframework.r2dbc.connection.ConnectionFactoryUtils.convertR2dbcException(ConnectionFactoryUtils.java:235) ~[spring-r2dbc-5.3.22.jar:5.3.22]
	at org.springframework.r2dbc.core.DefaultDatabaseClient.lambda$inConnectionMany$8(DefaultDatabaseClient.java:147) ~[spring-r2dbc-5.3.22.jar:5.3.22]
	at reactor.core.publisher.Flux.lambda$onErrorMap$29(Flux.java:6943) ~[reactor-core-3.4.22.jar:3.4.22]
	at reactor.core.publisher.Flux.lambda$onErrorResume$30(Flux.java:6996) ~[reactor-core-3.4.22.jar:3.4.22]
	at reactor.core.publisher.FluxOnErrorResume$ResumeSubscriber.onError(FluxOnErrorResume.java:94) ~[reactor-core-3.4.22.jar:3.4.22]
	at reactor.core.publisher.FluxUsingWhen$UsingWhenSubscriber.deferredError(FluxUsingWhen.java:398) ~[reactor-core-3.4.22.jar:3.4.22]
	at reactor.core.publisher.FluxUsingWhen$RollbackInner.onComplete(FluxUsingWhen.java:475) ~[reactor-core-3.4.22.jar:3.4.22]
	at reactor.core.publisher.Operators$MultiSubscriptionSubscriber.onComplete(Operators.java:2058) ~[reactor-core-3.4.22.jar:3.4.22]
	at reactor.core.publisher.FluxPeek$PeekSubscriber.onComplete(FluxPeek.java:260) ~[reactor-core-3.4.22.jar:3.4.22]
	at reactor.core.publisher.Operators$MultiSubscriptionSubscriber.onComplete(Operators.java:2058) ~[reactor-core-3.4.22.jar:3.4.22]
	at reactor.core.publisher.MonoIgnoreThen$ThenIgnoreMain.onComplete(MonoIgnoreThen.java:209) ~[reactor-core-3.4.22.jar:3.4.22]
	at reactor.core.publisher.MonoIgnoreThen$ThenIgnoreMain.onComplete(MonoIgnoreThen.java:209) ~[reactor-core-3.4.22.jar:3.4.22]
	at reactor.pool.SimpleDequePool.lambda$maybeRecycleAndDrain$19(SimpleDequePool.java:554) ~[reactor-pool-0.2.9.jar:0.2.9]
	at reactor.core.publisher.LambdaMonoSubscriber.onComplete(LambdaMonoSubscriber.java:135) ~[reactor-core-3.4.22.jar:3.4.22]
	at reactor.core.publisher.FluxDoFinally$DoFinallySubscriber.onComplete(FluxDoFinally.java:128) ~[reactor-core-3.4.22.jar:3.4.22]
	at reactor.core.publisher.MonoIgnoreThen$ThenIgnoreMain.onComplete(MonoIgnoreThen.java:209) ~[reactor-core-3.4.22.jar:3.4.22]
	at reactor.core.publisher.Operators.complete(Operators.java:137) ~[reactor-core-3.4.22.jar:3.4.22]
	at reactor.netty.FutureMono.doSubscribe(FutureMono.java:122) ~[reactor-netty-core-1.0.22.jar:1.0.22]
	at reactor.netty.FutureMono$DeferredFutureMono.subscribe(FutureMono.java:114) ~[reactor-netty-core-1.0.22.jar:1.0.22]
	at reactor.core.publisher.MonoIgnoreThen$ThenIgnoreMain.subscribeNext(MonoIgnoreThen.java:240) ~[reactor-core-3.4.22.jar:3.4.22]
	at reactor.core.publisher.MonoIgnoreThen$ThenIgnoreMain.onComplete(MonoIgnoreThen.java:203) ~[reactor-core-3.4.22.jar:3.4.22]
	at reactor.core.publisher.Operators$MultiSubscriptionSubscriber.onComplete(Operators.java:2058) ~[reactor-core-3.4.22.jar:3.4.22]
	at reactor.core.publisher.MonoFlatMap$FlatMapMain.onNext(MonoFlatMap.java:148) ~[reactor-core-3.4.22.jar:3.4.22]
	at reactor.core.publisher.MonoCreate$DefaultMonoSink.success(MonoCreate.java:172) ~[reactor-core-3.4.22.jar:3.4.22]
	at dev.miku.r2dbc.mysql.client.RequestTask.run(RequestTask.java:46) ~[r2dbc-mysql-0.8.2.RELEASE.jar:0.8.2.RELEASE]
	at dev.miku.r2dbc.mysql.client.RequestQueue.run(RequestQueue.java:79) ~[r2dbc-mysql-0.8.2.RELEASE.jar:0.8.2.RELEASE]
	at reactor.core.publisher.FluxPeekFuseable$PeekConditionalSubscriber.onComplete(FluxPeekFuseable.java:945) ~[reactor-core-3.4.22.jar:3.4.22]
	at reactor.core.publisher.MonoFlatMapMany$FlatMapManyInner.onComplete(MonoFlatMapMany.java:260) ~[reactor-core-3.4.22.jar:3.4.22]
	at reactor.core.publisher.FluxPeek$PeekSubscriber.onComplete(FluxPeek.java:260) ~[reactor-core-3.4.22.jar:3.4.22]
	at reactor.core.publisher.FluxHandle$HandleSubscriber.onComplete(FluxHandle.java:220) ~[reactor-core-3.4.22.jar:3.4.22]
	at reactor.core.publisher.FluxHandle$HandleSubscriber.onNext(FluxHandle.java:141) ~[reactor-core-3.4.22.jar:3.4.22]
	at reactor.core.publisher.FluxPeekFuseable$PeekConditionalSubscriber.onNext(FluxPeekFuseable.java:854) ~[reactor-core-3.4.22.jar:3.4.22]
	at reactor.core.publisher.EmitterProcessor.drain(EmitterProcessor.java:537) ~[reactor-core-3.4.22.jar:3.4.22]
	at reactor.core.publisher.EmitterProcessor.tryEmitNext(EmitterProcessor.java:343) ~[reactor-core-3.4.22.jar:3.4.22]
	at reactor.core.publisher.InternalManySink.emitNext(InternalManySink.java:27) ~[reactor-core-3.4.22.jar:3.4.22]
	at reactor.core.publisher.EmitterProcessor.onNext(EmitterProcessor.java:309) ~[reactor-core-3.4.22.jar:3.4.22]
	at dev.miku.r2dbc.mysql.client.ReactorNettyClient$ResponseSink.next(ReactorNettyClient.java:340) ~[r2dbc-mysql-0.8.2.RELEASE.jar:0.8.2.RELEASE]
	at dev.miku.r2dbc.mysql.client.ReactorNettyClient.lambda$new$0(ReactorNettyClient.java:103) ~[r2dbc-mysql-0.8.2.RELEASE.jar:0.8.2.RELEASE]
	at reactor.core.publisher.FluxPeek$PeekSubscriber.onNext(FluxPeek.java:185) ~[reactor-core-3.4.22.jar:3.4.22]
	at reactor.netty.channel.FluxReceive.drainReceiver(FluxReceive.java:279) ~[reactor-netty-core-1.0.22.jar:1.0.22]
	at reactor.netty.channel.FluxReceive.onInboundNext(FluxReceive.java:388) ~[reactor-netty-core-1.0.22.jar:1.0.22]
	at reactor.netty.channel.ChannelOperations.onInboundNext(ChannelOperations.java:404) ~[reactor-netty-core-1.0.22.jar:1.0.22]
	at reactor.netty.channel.ChannelOperationsHandler.channelRead(ChannelOperationsHandler.java:93) ~[reactor-netty-core-1.0.22.jar:1.0.22]
	at io.netty.channel.AbstractChannelHandlerContext.invokeChannelRead(AbstractChannelHandlerContext.java:379) ~[netty-transport-4.1.79.Final.jar:4.1.79.Final]
	at io.netty.channel.AbstractChannelHandlerContext.invokeChannelRead(AbstractChannelHandlerContext.java:365) ~[netty-transport-4.1.79.Final.jar:4.1.79.Final]
	at io.netty.channel.AbstractChannelHandlerContext.fireChannelRead(AbstractChannelHandlerContext.java:357) ~[netty-transport-4.1.79.Final.jar:4.1.79.Final]
	at dev.miku.r2dbc.mysql.client.MessageDuplexCodec.handleDecoded(MessageDuplexCodec.java:187) ~[r2dbc-mysql-0.8.2.RELEASE.jar:0.8.2.RELEASE]
	at dev.miku.r2dbc.mysql.client.MessageDuplexCodec.channelRead(MessageDuplexCodec.java:95) ~[r2dbc-mysql-0.8.2.RELEASE.jar:0.8.2.RELEASE]
	at io.netty.channel.AbstractChannelHandlerContext.invokeChannelRead(AbstractChannelHandlerContext.java:379) ~[netty-transport-4.1.79.Final.jar:4.1.79.Final]
	at io.netty.channel.AbstractChannelHandlerContext.invokeChannelRead(AbstractChannelHandlerContext.java:365) ~[netty-transport-4.1.79.Final.jar:4.1.79.Final]
	at io.netty.channel.AbstractChannelHandlerContext.fireChannelRead(AbstractChannelHandlerContext.java:357) ~[netty-transport-4.1.79.Final.jar:4.1.79.Final]
	at io.netty.handler.codec.ByteToMessageDecoder.fireChannelRead(ByteToMessageDecoder.java:327) ~[netty-codec-4.1.79.Final.jar:4.1.79.Final]
	at io.netty.handler.codec.ByteToMessageDecoder.channelRead(ByteToMessageDecoder.java:299) ~[netty-codec-4.1.79.Final.jar:4.1.79.Final]
	at io.netty.channel.AbstractChannelHandlerContext.invokeChannelRead(AbstractChannelHandlerContext.java:379) ~[netty-transport-4.1.79.Final.jar:4.1.79.Final]
	at io.netty.channel.AbstractChannelHandlerContext.invokeChannelRead(AbstractChannelHandlerContext.java:365) ~[netty-transport-4.1.79.Final.jar:4.1.79.Final]
	at io.netty.channel.AbstractChannelHandlerContext.fireChannelRead(AbstractChannelHandlerContext.java:357) ~[netty-transport-4.1.79.Final.jar:4.1.79.Final]
	at io.netty.channel.DefaultChannelPipeline$HeadContext.channelRead(DefaultChannelPipeline.java:1410) ~[netty-transport-4.1.79.Final.jar:4.1.79.Final]
	at io.netty.channel.AbstractChannelHandlerContext.invokeChannelRead(AbstractChannelHandlerContext.java:379) ~[netty-transport-4.1.79.Final.jar:4.1.79.Final]
	at io.netty.channel.AbstractChannelHandlerContext.invokeChannelRead(AbstractChannelHandlerContext.java:365) ~[netty-transport-4.1.79.Final.jar:4.1.79.Final]
	at io.netty.channel.DefaultChannelPipeline.fireChannelRead(DefaultChannelPipeline.java:919) ~[netty-transport-4.1.79.Final.jar:4.1.79.Final]
	at io.netty.channel.nio.AbstractNioByteChannel$NioByteUnsafe.read(AbstractNioByteChannel.java:166) ~[netty-transport-4.1.79.Final.jar:4.1.79.Final]
	at io.netty.channel.nio.NioEventLoop.processSelectedKey(NioEventLoop.java:722) ~[netty-transport-4.1.79.Final.jar:4.1.79.Final]
	at io.netty.channel.nio.NioEventLoop.processSelectedKeysOptimized(NioEventLoop.java:658) ~[netty-transport-4.1.79.Final.jar:4.1.79.Final]
	at io.netty.channel.nio.NioEventLoop.processSelectedKeys(NioEventLoop.java:584) ~[netty-transport-4.1.79.Final.jar:4.1.79.Final]
	at io.netty.channel.nio.NioEventLoop.run(NioEventLoop.java:496) ~[netty-transport-4.1.79.Final.jar:4.1.79.Final]
	at io.netty.util.concurrent.SingleThreadEventExecutor$4.run(SingleThreadEventExecutor.java:997) ~[netty-common-4.1.79.Final.jar:4.1.79.Final]
	at io.netty.util.internal.ThreadExecutorMap$2.run(ThreadExecutorMap.java:74) ~[netty-common-4.1.79.Final.jar:4.1.79.Final]
	at io.netty.util.concurrent.FastThreadLocalRunnable.run(FastThreadLocalRunnable.java:30) ~[netty-common-4.1.79.Final.jar:4.1.79.Final]
	at java.base/java.lang.Thread.run(Thread.java:835) ~[na:na]
Caused by: io.r2dbc.spi.R2dbcBadGrammarException: Table 'gateway.routes' doesn't exist
	at dev.miku.r2dbc.mysql.ExceptionFactory.createException(ExceptionFactory.java:81) ~[r2dbc-mysql-0.8.2.RELEASE.jar:0.8.2.RELEASE]
	Suppressed: reactor.core.publisher.FluxOnAssembly$OnAssemblyException: 
Error has been observed at the following site(s):
	*__checkpoint ? SQL "SELECT routes.* FROM routes" [DatabaseClient]
Original Stack Trace:
		at dev.miku.r2dbc.mysql.ExceptionFactory.createException(ExceptionFactory.java:81) ~[r2dbc-mysql-0.8.2.RELEASE.jar:0.8.2.RELEASE]
		at dev.miku.r2dbc.mysql.QueryFlow.lambda$execute0$8(QueryFlow.java:241) ~[r2dbc-mysql-0.8.2.RELEASE.jar:0.8.2.RELEASE]
		at reactor.core.publisher.FluxHandleFuseable$HandleFuseableSubscriber.onNext(FluxHandleFuseable.java:176) ~[reactor-core-3.4.22.jar:3.4.22]
		at reactor.core.publisher.FluxContextWrite$ContextWriteSubscriber.onNext(FluxContextWrite.java:107) ~[reactor-core-3.4.22.jar:3.4.22]
		at dev.miku.r2dbc.mysql.util.DiscardOnCancelSubscriber.onNext(DiscardOnCancelSubscriber.java:70) ~[r2dbc-mysql-0.8.2.RELEASE.jar:0.8.2.RELEASE]
		at reactor.core.publisher.FluxPeekFuseable$PeekConditionalSubscriber.onNext(FluxPeekFuseable.java:854) ~[reactor-core-3.4.22.jar:3.4.22]
		at reactor.core.publisher.MonoFlatMapMany$FlatMapManyInner.onNext(MonoFlatMapMany.java:250) ~[reactor-core-3.4.22.jar:3.4.22]
		at reactor.core.publisher.FluxPeek$PeekSubscriber.onNext(FluxPeek.java:200) ~[reactor-core-3.4.22.jar:3.4.22]
		at reactor.core.publisher.FluxHandle$HandleSubscriber.onNext(FluxHandle.java:126) ~[reactor-core-3.4.22.jar:3.4.22]
		at reactor.core.publisher.FluxPeekFuseable$PeekConditionalSubscriber.onNext(FluxPeekFuseable.java:854) ~[reactor-core-3.4.22.jar:3.4.22]
		at reactor.core.publisher.EmitterProcessor.drain(EmitterProcessor.java:537) ~[reactor-core-3.4.22.jar:3.4.22]
		at reactor.core.publisher.EmitterProcessor.tryEmitNext(EmitterProcessor.java:343) ~[reactor-core-3.4.22.jar:3.4.22]
		at reactor.core.publisher.InternalManySink.emitNext(InternalManySink.java:27) ~[reactor-core-3.4.22.jar:3.4.22]
		at reactor.core.publisher.EmitterProcessor.onNext(EmitterProcessor.java:309) ~[reactor-core-3.4.22.jar:3.4.22]
		at dev.miku.r2dbc.mysql.client.ReactorNettyClient$ResponseSink.next(ReactorNettyClient.java:340) ~[r2dbc-mysql-0.8.2.RELEASE.jar:0.8.2.RELEASE]
		at dev.miku.r2dbc.mysql.client.ReactorNettyClient.lambda$new$0(ReactorNettyClient.java:103) ~[r2dbc-mysql-0.8.2.RELEASE.jar:0.8.2.RELEASE]
		at reactor.core.publisher.FluxPeek$PeekSubscriber.onNext(FluxPeek.java:185) ~[reactor-core-3.4.22.jar:3.4.22]
		at reactor.netty.channel.FluxReceive.drainReceiver(FluxReceive.java:279) ~[reactor-netty-core-1.0.22.jar:1.0.22]
		at reactor.netty.channel.FluxReceive.onInboundNext(FluxReceive.java:388) ~[reactor-netty-core-1.0.22.jar:1.0.22]
		at reactor.netty.channel.ChannelOperations.onInboundNext(ChannelOperations.java:404) ~[reactor-netty-core-1.0.22.jar:1.0.22]
		at reactor.netty.channel.ChannelOperationsHandler.channelRead(ChannelOperationsHandler.java:93) ~[reactor-netty-core-1.0.22.jar:1.0.22]
		at io.netty.channel.AbstractChannelHandlerContext.invokeChannelRead(AbstractChannelHandlerContext.java:379) ~[netty-transport-4.1.79.Final.jar:4.1.79.Final]
		at io.netty.channel.AbstractChannelHandlerContext.invokeChannelRead(AbstractChannelHandlerContext.java:365) ~[netty-transport-4.1.79.Final.jar:4.1.79.Final]
		at io.netty.channel.AbstractChannelHandlerContext.fireChannelRead(AbstractChannelHandlerContext.java:357) ~[netty-transport-4.1.79.Final.jar:4.1.79.Final]
		at dev.miku.r2dbc.mysql.client.MessageDuplexCodec.handleDecoded(MessageDuplexCodec.java:187) ~[r2dbc-mysql-0.8.2.RELEASE.jar:0.8.2.RELEASE]
		at dev.miku.r2dbc.mysql.client.MessageDuplexCodec.channelRead(MessageDuplexCodec.java:95) ~[r2dbc-mysql-0.8.2.RELEASE.jar:0.8.2.RELEASE]
		at io.netty.channel.AbstractChannelHandlerContext.invokeChannelRead(AbstractChannelHandlerContext.java:379) ~[netty-transport-4.1.79.Final.jar:4.1.79.Final]
		at io.netty.channel.AbstractChannelHandlerContext.invokeChannelRead(AbstractChannelHandlerContext.java:365) ~[netty-transport-4.1.79.Final.jar:4.1.79.Final]
		at io.netty.channel.AbstractChannelHandlerContext.fireChannelRead(AbstractChannelHandlerContext.java:357) ~[netty-transport-4.1.79.Final.jar:4.1.79.Final]
		at io.netty.handler.codec.ByteToMessageDecoder.fireChannelRead(ByteToMessageDecoder.java:327) ~[netty-codec-4.1.79.Final.jar:4.1.79.Final]
		at io.netty.handler.codec.ByteToMessageDecoder.channelRead(ByteToMessageDecoder.java:299) ~[netty-codec-4.1.79.Final.jar:4.1.79.Final]
		at io.netty.channel.AbstractChannelHandlerContext.invokeChannelRead(AbstractChannelHandlerContext.java:379) ~[netty-transport-4.1.79.Final.jar:4.1.79.Final]
		at io.netty.channel.AbstractChannelHandlerContext.invokeChannelRead(AbstractChannelHandlerContext.java:365) ~[netty-transport-4.1.79.Final.jar:4.1.79.Final]
		at io.netty.channel.AbstractChannelHandlerContext.fireChannelRead(AbstractChannelHandlerContext.java:357) ~[netty-transport-4.1.79.Final.jar:4.1.79.Final]
		at io.netty.channel.DefaultChannelPipeline$HeadContext.channelRead(DefaultChannelPipeline.java:1410) ~[netty-transport-4.1.79.Final.jar:4.1.79.Final]
		at io.netty.channel.AbstractChannelHandlerContext.invokeChannelRead(AbstractChannelHandlerContext.java:379) ~[netty-transport-4.1.79.Final.jar:4.1.79.Final]
		at io.netty.channel.AbstractChannelHandlerContext.invokeChannelRead(AbstractChannelHandlerContext.java:365) ~[netty-transport-4.1.79.Final.jar:4.1.79.Final]
		at io.netty.channel.DefaultChannelPipeline.fireChannelRead(DefaultChannelPipeline.java:919) ~[netty-transport-4.1.79.Final.jar:4.1.79.Final]
		at io.netty.channel.nio.AbstractNioByteChannel$NioByteUnsafe.read(AbstractNioByteChannel.java:166) ~[netty-transport-4.1.79.Final.jar:4.1.79.Final]
		at io.netty.channel.nio.NioEventLoop.processSelectedKey(NioEventLoop.java:722) ~[netty-transport-4.1.79.Final.jar:4.1.79.Final]
		at io.netty.channel.nio.NioEventLoop.processSelectedKeysOptimized(NioEventLoop.java:658) ~[netty-transport-4.1.79.Final.jar:4.1.79.Final]
		at io.netty.channel.nio.NioEventLoop.processSelectedKeys(NioEventLoop.java:584) ~[netty-transport-4.1.79.Final.jar:4.1.79.Final]
		at io.netty.channel.nio.NioEventLoop.run(NioEventLoop.java:496) ~[netty-transport-4.1.79.Final.jar:4.1.79.Final]
		at io.netty.util.concurrent.SingleThreadEventExecutor$4.run(SingleThreadEventExecutor.java:997) ~[netty-common-4.1.79.Final.jar:4.1.79.Final]
		at io.netty.util.internal.ThreadExecutorMap$2.run(ThreadExecutorMap.java:74) ~[netty-common-4.1.79.Final.jar:4.1.79.Final]
		at io.netty.util.concurrent.FastThreadLocalRunnable.run(FastThreadLocalRunnable.java:30) ~[netty-common-4.1.79.Final.jar:4.1.79.Final]
		at java.base/java.lang.Thread.run(Thread.java:835) ~[na:na]

2022-09-03 10:24:37.411  INFO 7988 --- [main] com.netflix.discovery.DiscoveryClient    : Shutting down DiscoveryClient ...
2022-09-03 10:24:40.415  INFO 7988 --- [main] com.netflix.discovery.DiscoveryClient    : Unregistering ...
2022-09-03 10:24:40.422  INFO 7988 --- [main] com.netflix.discovery.DiscoveryClient    : DiscoveryClient_GATEWAY-SERVICE/gateway-service:23b1e403d62720ded4653db05ebd309b - deregister  status: 200
2022-09-03 10:24:40.428  INFO 7988 --- [main] com.netflix.discovery.DiscoveryClient    : Completed shut down of DiscoveryClient
2022-09-03 10:24:40.451  INFO 7988 --- [main] ConditionEvaluationReportLoggingListener : 

Error starting ApplicationContext. To display the conditions report re-run your application with 'debug' enabled.
2022-09-03 10:24:40.486 ERROR 7988 --- [main] o.s.boot.SpringApplication               : Application run failed

org.springframework.context.ApplicationContextException: Failed to start bean 'eurekaAutoServiceRegistration'; nested exception is org.springframework.r2dbc.BadSqlGrammarException: executeMany; bad SQL grammar [SELECT routes.* FROM routes]; nested exception is io.r2dbc.spi.R2dbcBadGrammarException: [1146] [42S02] Table 'gateway.routes' doesn't exist
	at org.springframework.context.support.DefaultLifecycleProcessor.doStart(DefaultLifecycleProcessor.java:181) ~[spring-context-5.3.22.jar:5.3.22]
	at org.springframework.context.support.DefaultLifecycleProcessor.access$200(DefaultLifecycleProcessor.java:54) ~[spring-context-5.3.22.jar:5.3.22]
	at org.springframework.context.support.DefaultLifecycleProcessor$LifecycleGroup.start(DefaultLifecycleProcessor.java:356) ~[spring-context-5.3.22.jar:5.3.22]
	at java.base/java.lang.Iterable.forEach(Iterable.java:75) ~[na:na]
	at org.springframework.context.support.DefaultLifecycleProcessor.startBeans(DefaultLifecycleProcessor.java:155) ~[spring-context-5.3.22.jar:5.3.22]
	at org.springframework.context.support.DefaultLifecycleProcessor.onRefresh(DefaultLifecycleProcessor.java:123) ~[spring-context-5.3.22.jar:5.3.22]
	at org.springframework.context.support.AbstractApplicationContext.finishRefresh(AbstractApplicationContext.java:935) ~[spring-context-5.3.22.jar:5.3.22]
	at org.springframework.context.support.AbstractApplicationContext.refresh(AbstractApplicationContext.java:586) ~[spring-context-5.3.22.jar:5.3.22]
	at org.springframework.boot.SpringApplication.refresh(SpringApplication.java:734) ~[spring-boot-2.7.3.jar:2.7.3]
	at org.springframework.boot.SpringApplication.refreshContext(SpringApplication.java:408) ~[spring-boot-2.7.3.jar:2.7.3]
	at org.springframework.boot.SpringApplication.run(SpringApplication.java:308) ~[spring-boot-2.7.3.jar:2.7.3]
	at org.springframework.boot.test.context.SpringBootContextLoader.loadContext(SpringBootContextLoader.java:132) ~[spring-boot-test-2.7.3.jar:2.7.3]
	at org.springframework.test.context.cache.DefaultCacheAwareContextLoaderDelegate.loadContextInternal(DefaultCacheAwareContextLoaderDelegate.java:99) ~[spring-test-5.3.22.jar:5.3.22]
	at org.springframework.test.context.cache.DefaultCacheAwareContextLoaderDelegate.loadContext(DefaultCacheAwareContextLoaderDelegate.java:124) ~[spring-test-5.3.22.jar:5.3.22]
	at org.springframework.test.context.support.DefaultTestContext.getApplicationContext(DefaultTestContext.java:124) ~[spring-test-5.3.22.jar:5.3.22]
	at org.springframework.test.context.support.DependencyInjectionTestExecutionListener.injectDependencies(DependencyInjectionTestExecutionListener.java:118) ~[spring-test-5.3.22.jar:5.3.22]
	at org.springframework.test.context.support.DependencyInjectionTestExecutionListener.prepareTestInstance(DependencyInjectionTestExecutionListener.java:83) ~[spring-test-5.3.22.jar:5.3.22]
	at org.springframework.boot.test.autoconfigure.SpringBootDependencyInjectionTestExecutionListener.prepareTestInstance(SpringBootDependencyInjectionTestExecutionListener.java:43) ~[spring-boot-test-autoconfigure-2.7.3.jar:2.7.3]
	at org.springframework.test.context.TestContextManager.prepareTestInstance(TestContextManager.java:248) ~[spring-test-5.3.22.jar:5.3.22]
	at org.springframework.test.context.junit.jupiter.SpringExtension.postProcessTestInstance(SpringExtension.java:138) ~[spring-test-5.3.22.jar:5.3.22]
	at org.junit.jupiter.engine.descriptor.ClassBasedTestDescriptor.lambda$invokeTestInstancePostProcessors$8(ClassBasedTestDescriptor.java:363) ~[junit-jupiter-engine-5.8.2.jar:5.8.2]
	at org.junit.jupiter.engine.descriptor.ClassBasedTestDescriptor.executeAndMaskThrowable(ClassBasedTestDescriptor.java:368) ~[junit-jupiter-engine-5.8.2.jar:5.8.2]
	at org.junit.jupiter.engine.descriptor.ClassBasedTestDescriptor.lambda$invokeTestInstancePostProcessors$9(ClassBasedTestDescriptor.java:363) ~[junit-jupiter-engine-5.8.2.jar:5.8.2]
	at java.base/java.util.stream.ReferencePipeline$3$1.accept(ReferencePipeline.java:195) ~[na:na]
	at java.base/java.util.stream.ReferencePipeline$2$1.accept(ReferencePipeline.java:177) ~[na:na]
	at java.base/java.util.ArrayList$ArrayListSpliterator.forEachRemaining(ArrayList.java:1654) ~[na:na]
	at java.base/java.util.stream.AbstractPipeline.copyInto(AbstractPipeline.java:484) ~[na:na]
	at java.base/java.util.stream.AbstractPipeline.wrapAndCopyInto(AbstractPipeline.java:474) ~[na:na]
	at java.base/java.util.stream.StreamSpliterators$WrappingSpliterator.forEachRemaining(StreamSpliterators.java:312) ~[na:na]
	at java.base/java.util.stream.Streams$ConcatSpliterator.forEachRemaining(Streams.java:735) ~[na:na]
	at java.base/java.util.stream.Streams$ConcatSpliterator.forEachRemaining(Streams.java:734) ~[na:na]
	at java.base/java.util.stream.ReferencePipeline$Head.forEach(ReferencePipeline.java:658) ~[na:na]
	at org.junit.jupiter.engine.descriptor.ClassBasedTestDescriptor.invokeTestInstancePostProcessors(ClassBasedTestDescriptor.java:362) ~[junit-jupiter-engine-5.8.2.jar:5.8.2]
	at org.junit.jupiter.engine.descriptor.ClassBasedTestDescriptor.lambda$instantiateAndPostProcessTestInstance$6(ClassBasedTestDescriptor.java:283) ~[junit-jupiter-engine-5.8.2.jar:5.8.2]
	at org.junit.platform.engine.support.hierarchical.ThrowableCollector.execute(ThrowableCollector.java:73) ~[junit-platform-engine-1.8.2.jar:1.8.2]
	at org.junit.jupiter.engine.descriptor.ClassBasedTestDescriptor.instantiateAndPostProcessTestInstance(ClassBasedTestDescriptor.java:282) ~[junit-jupiter-engine-5.8.2.jar:5.8.2]
	at org.junit.jupiter.engine.descriptor.ClassBasedTestDescriptor.lambda$testInstancesProvider$4(ClassBasedTestDescriptor.java:272) ~[junit-jupiter-engine-5.8.2.jar:5.8.2]
	at java.base/java.util.Optional.orElseGet(Optional.java:369) ~[na:na]
	at org.junit.jupiter.engine.descriptor.ClassBasedTestDescriptor.lambda$testInstancesProvider$5(ClassBasedTestDescriptor.java:271) ~[junit-jupiter-engine-5.8.2.jar:5.8.2]
	at org.junit.jupiter.engine.execution.TestInstancesProvider.getTestInstances(TestInstancesProvider.java:31) ~[junit-jupiter-engine-5.8.2.jar:5.8.2]
	at org.junit.jupiter.engine.descriptor.TestMethodTestDescriptor.lambda$prepare$0(TestMethodTestDescriptor.java:102) ~[junit-jupiter-engine-5.8.2.jar:5.8.2]
	at org.junit.platform.engine.support.hierarchical.ThrowableCollector.execute(ThrowableCollector.java:73) ~[junit-platform-engine-1.8.2.jar:1.8.2]
	at org.junit.jupiter.engine.descriptor.TestMethodTestDescriptor.prepare(TestMethodTestDescriptor.java:101) ~[junit-jupiter-engine-5.8.2.jar:5.8.2]
	at org.junit.jupiter.engine.descriptor.TestMethodTestDescriptor.prepare(TestMethodTestDescriptor.java:66) ~[junit-jupiter-engine-5.8.2.jar:5.8.2]
	at org.junit.platform.engine.support.hierarchical.NodeTestTask.lambda$prepare$2(NodeTestTask.java:123) ~[junit-platform-engine-1.8.2.jar:1.8.2]
	at org.junit.platform.engine.support.hierarchical.ThrowableCollector.execute(ThrowableCollector.java:73) ~[junit-platform-engine-1.8.2.jar:1.8.2]
	at org.junit.platform.engine.support.hierarchical.NodeTestTask.prepare(NodeTestTask.java:123) ~[junit-platform-engine-1.8.2.jar:1.8.2]
	at org.junit.platform.engine.support.hierarchical.NodeTestTask.execute(NodeTestTask.java:90) ~[junit-platform-engine-1.8.2.jar:1.8.2]
	at java.base/java.util.ArrayList.forEach(ArrayList.java:1540) ~[na:na]
	at org.junit.platform.engine.support.hierarchical.SameThreadHierarchicalTestExecutorService.invokeAll(SameThreadHierarchicalTestExecutorService.java:41) ~[junit-platform-engine-1.8.2.jar:1.8.2]
	at org.junit.platform.engine.support.hierarchical.NodeTestTask.lambda$executeRecursively$6(NodeTestTask.java:155) ~[junit-platform-engine-1.8.2.jar:1.8.2]
	at org.junit.platform.engine.support.hierarchical.ThrowableCollector.execute(ThrowableCollector.java:73) ~[junit-platform-engine-1.8.2.jar:1.8.2]
	at org.junit.platform.engine.support.hierarchical.NodeTestTask.lambda$executeRecursively$8(NodeTestTask.java:141) ~[junit-platform-engine-1.8.2.jar:1.8.2]
	at org.junit.platform.engine.support.hierarchical.Node.around(Node.java:137) ~[junit-platform-engine-1.8.2.jar:1.8.2]
	at org.junit.platform.engine.support.hierarchical.NodeTestTask.lambda$executeRecursively$9(NodeTestTask.java:139) ~[junit-platform-engine-1.8.2.jar:1.8.2]
	at org.junit.platform.engine.support.hierarchical.ThrowableCollector.execute(ThrowableCollector.java:73) ~[junit-platform-engine-1.8.2.jar:1.8.2]
	at org.junit.platform.engine.support.hierarchical.NodeTestTask.executeRecursively(NodeTestTask.java:138) ~[junit-platform-engine-1.8.2.jar:1.8.2]
	at org.junit.platform.engine.support.hierarchical.NodeTestTask.execute(NodeTestTask.java:95) ~[junit-platform-engine-1.8.2.jar:1.8.2]
	at java.base/java.util.ArrayList.forEach(ArrayList.java:1540) ~[na:na]
	at org.junit.platform.engine.support.hierarchical.SameThreadHierarchicalTestExecutorService.invokeAll(SameThreadHierarchicalTestExecutorService.java:41) ~[junit-platform-engine-1.8.2.jar:1.8.2]
	at org.junit.platform.engine.support.hierarchical.NodeTestTask.lambda$executeRecursively$6(NodeTestTask.java:155) ~[junit-platform-engine-1.8.2.jar:1.8.2]
	at org.junit.platform.engine.support.hierarchical.ThrowableCollector.execute(ThrowableCollector.java:73) ~[junit-platform-engine-1.8.2.jar:1.8.2]
	at org.junit.platform.engine.support.hierarchical.NodeTestTask.lambda$executeRecursively$8(NodeTestTask.java:141) ~[junit-platform-engine-1.8.2.jar:1.8.2]
	at org.junit.platform.engine.support.hierarchical.Node.around(Node.java:137) ~[junit-platform-engine-1.8.2.jar:1.8.2]
	at org.junit.platform.engine.support.hierarchical.NodeTestTask.lambda$executeRecursively$9(NodeTestTask.java:139) ~[junit-platform-engine-1.8.2.jar:1.8.2]
	at org.junit.platform.engine.support.hierarchical.ThrowableCollector.execute(ThrowableCollector.java:73) ~[junit-platform-engine-1.8.2.jar:1.8.2]
	at org.junit.platform.engine.support.hierarchical.NodeTestTask.executeRecursively(NodeTestTask.java:138) ~[junit-platform-engine-1.8.2.jar:1.8.2]
	at org.junit.platform.engine.support.hierarchical.NodeTestTask.execute(NodeTestTask.java:95) ~[junit-platform-engine-1.8.2.jar:1.8.2]
	at org.junit.platform.engine.support.hierarchical.SameThreadHierarchicalTestExecutorService.submit(SameThreadHierarchicalTestExecutorService.java:35) ~[junit-platform-engine-1.8.2.jar:1.8.2]
	at org.junit.platform.engine.support.hierarchical.HierarchicalTestExecutor.execute(HierarchicalTestExecutor.java:57) ~[junit-platform-engine-1.8.2.jar:1.8.2]
	at org.junit.platform.engine.support.hierarchical.HierarchicalTestEngine.execute(HierarchicalTestEngine.java:54) ~[junit-platform-engine-1.8.2.jar:1.8.2]
	at org.junit.platform.launcher.core.DefaultLauncher.execute(DefaultLauncher.java:220) ~[junit-platform-launcher-1.3.1.jar:1.3.1]
	at org.junit.platform.launcher.core.DefaultLauncher.lambda$execute$6(DefaultLauncher.java:188) ~[junit-platform-launcher-1.3.1.jar:1.3.1]
	at org.junit.platform.launcher.core.DefaultLauncher.withInterceptedStreams(DefaultLauncher.java:202) ~[junit-platform-launcher-1.3.1.jar:1.3.1]
	at org.junit.platform.launcher.core.DefaultLauncher.execute(DefaultLauncher.java:181) ~[junit-platform-launcher-1.3.1.jar:1.3.1]
	at org.junit.platform.launcher.core.DefaultLauncher.execute(DefaultLauncher.java:128) ~[junit-platform-launcher-1.3.1.jar:1.3.1]
	at org.apache.maven.surefire.junitplatform.JUnitPlatformProvider.invokeAllTests(JUnitPlatformProvider.java:150) ~[surefire-junit-platform-2.22.2.jar:2.22.2]
	at org.apache.maven.surefire.junitplatform.JUnitPlatformProvider.invoke(JUnitPlatformProvider.java:124) ~[surefire-junit-platform-2.22.2.jar:2.22.2]
	at org.apache.maven.surefire.booter.ForkedBooter.invokeProviderInSameClassLoader(ForkedBooter.java:384) ~[surefire-booter-2.22.2.jar:2.22.2]
	at org.apache.maven.surefire.booter.ForkedBooter.runSuitesInProcess(ForkedBooter.java:345) ~[surefire-booter-2.22.2.jar:2.22.2]
	at org.apache.maven.surefire.booter.ForkedBooter.execute(ForkedBooter.java:126) ~[surefire-booter-2.22.2.jar:2.22.2]
	at org.apache.maven.surefire.booter.ForkedBooter.main(ForkedBooter.java:418) ~[surefire-booter-2.22.2.jar:2.22.2]
Caused by: org.springframework.r2dbc.BadSqlGrammarException: executeMany; bad SQL grammar [SELECT routes.* FROM routes]; nested exception is io.r2dbc.spi.R2dbcBadGrammarException: [1146] [42S02] Table 'gateway.routes' doesn't exist
	at org.springframework.r2dbc.connection.ConnectionFactoryUtils.convertR2dbcException(ConnectionFactoryUtils.java:235) ~[spring-r2dbc-5.3.22.jar:5.3.22]
	at org.springframework.r2dbc.core.DefaultDatabaseClient.lambda$inConnectionMany$8(DefaultDatabaseClient.java:147) ~[spring-r2dbc-5.3.22.jar:5.3.22]
	at reactor.core.publisher.Flux.lambda$onErrorMap$29(Flux.java:6943) ~[reactor-core-3.4.22.jar:3.4.22]
	at reactor.core.publisher.Flux.lambda$onErrorResume$30(Flux.java:6996) ~[reactor-core-3.4.22.jar:3.4.22]
	at reactor.core.publisher.FluxOnErrorResume$ResumeSubscriber.onError(FluxOnErrorResume.java:94) ~[reactor-core-3.4.22.jar:3.4.22]
	at reactor.core.publisher.FluxUsingWhen$UsingWhenSubscriber.deferredError(FluxUsingWhen.java:398) ~[reactor-core-3.4.22.jar:3.4.22]
	at reactor.core.publisher.FluxUsingWhen$RollbackInner.onComplete(FluxUsingWhen.java:475) ~[reactor-core-3.4.22.jar:3.4.22]
	at reactor.core.publisher.Operators$MultiSubscriptionSubscriber.onComplete(Operators.java:2058) ~[reactor-core-3.4.22.jar:3.4.22]
	at reactor.core.publisher.FluxPeek$PeekSubscriber.onComplete(FluxPeek.java:260) ~[reactor-core-3.4.22.jar:3.4.22]
	at reactor.core.publisher.Operators$MultiSubscriptionSubscriber.onComplete(Operators.java:2058) ~[reactor-core-3.4.22.jar:3.4.22]
	at reactor.core.publisher.MonoIgnoreThen$ThenIgnoreMain.onComplete(MonoIgnoreThen.java:209) ~[reactor-core-3.4.22.jar:3.4.22]
	at reactor.core.publisher.MonoIgnoreThen$ThenIgnoreMain.onComplete(MonoIgnoreThen.java:209) ~[reactor-core-3.4.22.jar:3.4.22]
	at reactor.pool.SimpleDequePool.lambda$maybeRecycleAndDrain$19(SimpleDequePool.java:554) ~[reactor-pool-0.2.9.jar:0.2.9]
	at reactor.core.publisher.LambdaMonoSubscriber.onComplete(LambdaMonoSubscriber.java:135) ~[reactor-core-3.4.22.jar:3.4.22]
	at reactor.core.publisher.FluxDoFinally$DoFinallySubscriber.onComplete(FluxDoFinally.java:128) ~[reactor-core-3.4.22.jar:3.4.22]
	at reactor.core.publisher.MonoIgnoreThen$ThenIgnoreMain.onComplete(MonoIgnoreThen.java:209) ~[reactor-core-3.4.22.jar:3.4.22]
	at reactor.core.publisher.Operators.complete(Operators.java:137) ~[reactor-core-3.4.22.jar:3.4.22]
	at reactor.netty.FutureMono.doSubscribe(FutureMono.java:122) ~[reactor-netty-core-1.0.22.jar:1.0.22]
	at reactor.netty.FutureMono$DeferredFutureMono.subscribe(FutureMono.java:114) ~[reactor-netty-core-1.0.22.jar:1.0.22]
	at reactor.core.publisher.MonoIgnoreThen$ThenIgnoreMain.subscribeNext(MonoIgnoreThen.java:240) ~[reactor-core-3.4.22.jar:3.4.22]
	at reactor.core.publisher.MonoIgnoreThen$ThenIgnoreMain.onComplete(MonoIgnoreThen.java:203) ~[reactor-core-3.4.22.jar:3.4.22]
	at reactor.core.publisher.Operators$MultiSubscriptionSubscriber.onComplete(Operators.java:2058) ~[reactor-core-3.4.22.jar:3.4.22]
	at reactor.core.publisher.MonoFlatMap$FlatMapMain.onNext(MonoFlatMap.java:148) ~[reactor-core-3.4.22.jar:3.4.22]
	at reactor.core.publisher.MonoCreate$DefaultMonoSink.success(MonoCreate.java:172) ~[reactor-core-3.4.22.jar:3.4.22]
	at dev.miku.r2dbc.mysql.client.RequestTask.run(RequestTask.java:46) ~[r2dbc-mysql-0.8.2.RELEASE.jar:0.8.2.RELEASE]
	at dev.miku.r2dbc.mysql.client.RequestQueue.run(RequestQueue.java:79) ~[r2dbc-mysql-0.8.2.RELEASE.jar:0.8.2.RELEASE]
	at reactor.core.publisher.FluxPeekFuseable$PeekConditionalSubscriber.onComplete(FluxPeekFuseable.java:945) ~[reactor-core-3.4.22.jar:3.4.22]
	at reactor.core.publisher.MonoFlatMapMany$FlatMapManyInner.onComplete(MonoFlatMapMany.java:260) ~[reactor-core-3.4.22.jar:3.4.22]
	at reactor.core.publisher.FluxPeek$PeekSubscriber.onComplete(FluxPeek.java:260) ~[reactor-core-3.4.22.jar:3.4.22]
	at reactor.core.publisher.FluxHandle$HandleSubscriber.onComplete(FluxHandle.java:220) ~[reactor-core-3.4.22.jar:3.4.22]
	at reactor.core.publisher.FluxHandle$HandleSubscriber.onNext(FluxHandle.java:141) ~[reactor-core-3.4.22.jar:3.4.22]
	at reactor.core.publisher.FluxPeekFuseable$PeekConditionalSubscriber.onNext(FluxPeekFuseable.java:854) ~[reactor-core-3.4.22.jar:3.4.22]
	at reactor.core.publisher.EmitterProcessor.drain(EmitterProcessor.java:537) ~[reactor-core-3.4.22.jar:3.4.22]
	at reactor.core.publisher.EmitterProcessor.tryEmitNext(EmitterProcessor.java:343) ~[reactor-core-3.4.22.jar:3.4.22]
	at reactor.core.publisher.InternalManySink.emitNext(InternalManySink.java:27) ~[reactor-core-3.4.22.jar:3.4.22]
	at reactor.core.publisher.EmitterProcessor.onNext(EmitterProcessor.java:309) ~[reactor-core-3.4.22.jar:3.4.22]
	at dev.miku.r2dbc.mysql.client.ReactorNettyClient$ResponseSink.next(ReactorNettyClient.java:340) ~[r2dbc-mysql-0.8.2.RELEASE.jar:0.8.2.RELEASE]
	at dev.miku.r2dbc.mysql.client.ReactorNettyClient.lambda$new$0(ReactorNettyClient.java:103) ~[r2dbc-mysql-0.8.2.RELEASE.jar:0.8.2.RELEASE]
	at reactor.core.publisher.FluxPeek$PeekSubscriber.onNext(FluxPeek.java:185) ~[reactor-core-3.4.22.jar:3.4.22]
	at reactor.netty.channel.FluxReceive.drainReceiver(FluxReceive.java:279) ~[reactor-netty-core-1.0.22.jar:1.0.22]
	at reactor.netty.channel.FluxReceive.onInboundNext(FluxReceive.java:388) ~[reactor-netty-core-1.0.22.jar:1.0.22]
	at reactor.netty.channel.ChannelOperations.onInboundNext(ChannelOperations.java:404) ~[reactor-netty-core-1.0.22.jar:1.0.22]
	at reactor.netty.channel.ChannelOperationsHandler.channelRead(ChannelOperationsHandler.java:93) ~[reactor-netty-core-1.0.22.jar:1.0.22]
	at io.netty.channel.AbstractChannelHandlerContext.invokeChannelRead(AbstractChannelHandlerContext.java:379) ~[netty-transport-4.1.79.Final.jar:4.1.79.Final]
	at io.netty.channel.AbstractChannelHandlerContext.invokeChannelRead(AbstractChannelHandlerContext.java:365) ~[netty-transport-4.1.79.Final.jar:4.1.79.Final]
	at io.netty.channel.AbstractChannelHandlerContext.fireChannelRead(AbstractChannelHandlerContext.java:357) ~[netty-transport-4.1.79.Final.jar:4.1.79.Final]
	at dev.miku.r2dbc.mysql.client.MessageDuplexCodec.handleDecoded(MessageDuplexCodec.java:187) ~[r2dbc-mysql-0.8.2.RELEASE.jar:0.8.2.RELEASE]
	at dev.miku.r2dbc.mysql.client.MessageDuplexCodec.channelRead(MessageDuplexCodec.java:95) ~[r2dbc-mysql-0.8.2.RELEASE.jar:0.8.2.RELEASE]
	at io.netty.channel.AbstractChannelHandlerContext.invokeChannelRead(AbstractChannelHandlerContext.java:379) ~[netty-transport-4.1.79.Final.jar:4.1.79.Final]
	at io.netty.channel.AbstractChannelHandlerContext.invokeChannelRead(AbstractChannelHandlerContext.java:365) ~[netty-transport-4.1.79.Final.jar:4.1.79.Final]
	at io.netty.channel.AbstractChannelHandlerContext.fireChannelRead(AbstractChannelHandlerContext.java:357) ~[netty-transport-4.1.79.Final.jar:4.1.79.Final]
	at io.netty.handler.codec.ByteToMessageDecoder.fireChannelRead(ByteToMessageDecoder.java:327) ~[netty-codec-4.1.79.Final.jar:4.1.79.Final]
	at io.netty.handler.codec.ByteToMessageDecoder.channelRead(ByteToMessageDecoder.java:299) ~[netty-codec-4.1.79.Final.jar:4.1.79.Final]
	at io.netty.channel.AbstractChannelHandlerContext.invokeChannelRead(AbstractChannelHandlerContext.java:379) ~[netty-transport-4.1.79.Final.jar:4.1.79.Final]
	at io.netty.channel.AbstractChannelHandlerContext.invokeChannelRead(AbstractChannelHandlerContext.java:365) ~[netty-transport-4.1.79.Final.jar:4.1.79.Final]
	at io.netty.channel.AbstractChannelHandlerContext.fireChannelRead(AbstractChannelHandlerContext.java:357) ~[netty-transport-4.1.79.Final.jar:4.1.79.Final]
	at io.netty.channel.DefaultChannelPipeline$HeadContext.channelRead(DefaultChannelPipeline.java:1410) ~[netty-transport-4.1.79.Final.jar:4.1.79.Final]
	at io.netty.channel.AbstractChannelHandlerContext.invokeChannelRead(AbstractChannelHandlerContext.java:379) ~[netty-transport-4.1.79.Final.jar:4.1.79.Final]
	at io.netty.channel.AbstractChannelHandlerContext.invokeChannelRead(AbstractChannelHandlerContext.java:365) ~[netty-transport-4.1.79.Final.jar:4.1.79.Final]
	at io.netty.channel.DefaultChannelPipeline.fireChannelRead(DefaultChannelPipeline.java:919) ~[netty-transport-4.1.79.Final.jar:4.1.79.Final]
	at io.netty.channel.nio.AbstractNioByteChannel$NioByteUnsafe.read(AbstractNioByteChannel.java:166) ~[netty-transport-4.1.79.Final.jar:4.1.79.Final]
	at io.netty.channel.nio.NioEventLoop.processSelectedKey(NioEventLoop.java:722) ~[netty-transport-4.1.79.Final.jar:4.1.79.Final]
	at io.netty.channel.nio.NioEventLoop.processSelectedKeysOptimized(NioEventLoop.java:658) ~[netty-transport-4.1.79.Final.jar:4.1.79.Final]
	at io.netty.channel.nio.NioEventLoop.processSelectedKeys(NioEventLoop.java:584) ~[netty-transport-4.1.79.Final.jar:4.1.79.Final]
	at io.netty.channel.nio.NioEventLoop.run(NioEventLoop.java:496) ~[netty-transport-4.1.79.Final.jar:4.1.79.Final]
	at io.netty.util.concurrent.SingleThreadEventExecutor$4.run(SingleThreadEventExecutor.java:997) ~[netty-common-4.1.79.Final.jar:4.1.79.Final]
	at io.netty.util.internal.ThreadExecutorMap$2.run(ThreadExecutorMap.java:74) ~[netty-common-4.1.79.Final.jar:4.1.79.Final]
	at io.netty.util.concurrent.FastThreadLocalRunnable.run(FastThreadLocalRunnable.java:30) ~[netty-common-4.1.79.Final.jar:4.1.79.Final]
	at java.base/java.lang.Thread.run(Thread.java:835) ~[na:na]
	Suppressed: java.lang.Exception: #block terminated with an error
		at reactor.core.publisher.BlockingSingleSubscriber.blockingGet(BlockingSingleSubscriber.java:99) ~[reactor-core-3.4.22.jar:3.4.22]
		at reactor.core.publisher.Flux.blockLast(Flux.java:2645) ~[reactor-core-3.4.22.jar:3.4.22]
		at org.springframework.cloud.gateway.filter.WeightCalculatorWebFilter.lambda$onApplicationEvent$0(WeightCalculatorWebFilter.java:133) ~[spring-cloud-gateway-server-3.1.3.jar:3.1.3]
		at org.springframework.beans.factory.support.DefaultListableBeanFactory$DependencyObjectProvider.ifAvailable(DefaultListableBeanFactory.java:2046) ~[spring-beans-5.3.22.jar:5.3.22]
		at org.springframework.cloud.gateway.filter.WeightCalculatorWebFilter.onApplicationEvent(WeightCalculatorWebFilter.java:133) ~[spring-cloud-gateway-server-3.1.3.jar:3.1.3]
		at org.springframework.context.event.SimpleApplicationEventMulticaster.doInvokeListener(SimpleApplicationEventMulticaster.java:176) ~[spring-context-5.3.22.jar:5.3.22]
		at org.springframework.context.event.SimpleApplicationEventMulticaster.invokeListener(SimpleApplicationEventMulticaster.java:169) ~[spring-context-5.3.22.jar:5.3.22]
		at org.springframework.context.event.SimpleApplicationEventMulticaster.multicastEvent(SimpleApplicationEventMulticaster.java:143) ~[spring-context-5.3.22.jar:5.3.22]
		at org.springframework.context.support.AbstractApplicationContext.publishEvent(AbstractApplicationContext.java:421) ~[spring-context-5.3.22.jar:5.3.22]
		at org.springframework.context.support.AbstractApplicationContext.publishEvent(AbstractApplicationContext.java:378) ~[spring-context-5.3.22.jar:5.3.22]
		at org.springframework.cloud.gateway.route.RouteRefreshListener.reset(RouteRefreshListener.java:73) ~[spring-cloud-gateway-server-3.1.3.jar:3.1.3]
		at org.springframework.cloud.gateway.route.RouteRefreshListener.onApplicationEvent(RouteRefreshListener.java:54) ~[spring-cloud-gateway-server-3.1.3.jar:3.1.3]
		at org.springframework.context.event.SimpleApplicationEventMulticaster.doInvokeListener(SimpleApplicationEventMulticaster.java:176) ~[spring-context-5.3.22.jar:5.3.22]
		at org.springframework.context.event.SimpleApplicationEventMulticaster.invokeListener(SimpleApplicationEventMulticaster.java:169) ~[spring-context-5.3.22.jar:5.3.22]
		at org.springframework.context.event.SimpleApplicationEventMulticaster.multicastEvent(SimpleApplicationEventMulticaster.java:143) ~[spring-context-5.3.22.jar:5.3.22]
		at org.springframework.context.support.AbstractApplicationContext.publishEvent(AbstractApplicationContext.java:421) ~[spring-context-5.3.22.jar:5.3.22]
		at org.springframework.context.support.AbstractApplicationContext.publishEvent(AbstractApplicationContext.java:378) ~[spring-context-5.3.22.jar:5.3.22]
		at org.springframework.cloud.netflix.eureka.serviceregistry.EurekaAutoServiceRegistration.start(EurekaAutoServiceRegistration.java:85) ~[spring-cloud-netflix-eureka-client-3.1.3.jar:3.1.3]
		at org.springframework.context.support.DefaultLifecycleProcessor.doStart(DefaultLifecycleProcessor.java:178) ~[spring-context-5.3.22.jar:5.3.22]
		at org.springframework.context.support.DefaultLifecycleProcessor.access$200(DefaultLifecycleProcessor.java:54) ~[spring-context-5.3.22.jar:5.3.22]
		at org.springframework.context.support.DefaultLifecycleProcessor$LifecycleGroup.start(DefaultLifecycleProcessor.java:356) ~[spring-context-5.3.22.jar:5.3.22]
		at java.base/java.lang.Iterable.forEach(Iterable.java:75) ~[na:na]
		at org.springframework.context.support.DefaultLifecycleProcessor.startBeans(DefaultLifecycleProcessor.java:155) ~[spring-context-5.3.22.jar:5.3.22]
		at org.springframework.context.support.DefaultLifecycleProcessor.onRefresh(DefaultLifecycleProcessor.java:123) ~[spring-context-5.3.22.jar:5.3.22]
		at org.springframework.context.support.AbstractApplicationContext.finishRefresh(AbstractApplicationContext.java:935) ~[spring-context-5.3.22.jar:5.3.22]
		at org.springframework.context.support.AbstractApplicationContext.refresh(AbstractApplicationContext.java:586) ~[spring-context-5.3.22.jar:5.3.22]
		at org.springframework.boot.SpringApplication.refresh(SpringApplication.java:734) ~[spring-boot-2.7.3.jar:2.7.3]
		at org.springframework.boot.SpringApplication.refreshContext(SpringApplication.java:408) ~[spring-boot-2.7.3.jar:2.7.3]
		at org.springframework.boot.SpringApplication.run(SpringApplication.java:308) ~[spring-boot-2.7.3.jar:2.7.3]
		at org.springframework.boot.test.context.SpringBootContextLoader.loadContext(SpringBootContextLoader.java:132) ~[spring-boot-test-2.7.3.jar:2.7.3]
		at org.springframework.test.context.cache.DefaultCacheAwareContextLoaderDelegate.loadContextInternal(DefaultCacheAwareContextLoaderDelegate.java:99) ~[spring-test-5.3.22.jar:5.3.22]
		at org.springframework.test.context.cache.DefaultCacheAwareContextLoaderDelegate.loadContext(DefaultCacheAwareContextLoaderDelegate.java:124) ~[spring-test-5.3.22.jar:5.3.22]
		at org.springframework.test.context.support.DefaultTestContext.getApplicationContext(DefaultTestContext.java:124) ~[spring-test-5.3.22.jar:5.3.22]
		at org.springframework.test.context.support.DependencyInjectionTestExecutionListener.injectDependencies(DependencyInjectionTestExecutionListener.java:118) ~[spring-test-5.3.22.jar:5.3.22]
		at org.springframework.test.context.support.DependencyInjectionTestExecutionListener.prepareTestInstance(DependencyInjectionTestExecutionListener.java:83) ~[spring-test-5.3.22.jar:5.3.22]
		at org.springframework.boot.test.autoconfigure.SpringBootDependencyInjectionTestExecutionListener.prepareTestInstance(SpringBootDependencyInjectionTestExecutionListener.java:43) ~[spring-boot-test-autoconfigure-2.7.3.jar:2.7.3]
		at org.springframework.test.context.TestContextManager.prepareTestInstance(TestContextManager.java:248) ~[spring-test-5.3.22.jar:5.3.22]
		at org.springframework.test.context.junit.jupiter.SpringExtension.postProcessTestInstance(SpringExtension.java:138) ~[spring-test-5.3.22.jar:5.3.22]
		at org.junit.jupiter.engine.descriptor.ClassBasedTestDescriptor.lambda$invokeTestInstancePostProcessors$8(ClassBasedTestDescriptor.java:363) ~[junit-jupiter-engine-5.8.2.jar:5.8.2]
		at org.junit.jupiter.engine.descriptor.ClassBasedTestDescriptor.executeAndMaskThrowable(ClassBasedTestDescriptor.java:368) ~[junit-jupiter-engine-5.8.2.jar:5.8.2]
		at org.junit.jupiter.engine.descriptor.ClassBasedTestDescriptor.lambda$invokeTestInstancePostProcessors$9(ClassBasedTestDescriptor.java:363) ~[junit-jupiter-engine-5.8.2.jar:5.8.2]
		at java.base/java.util.stream.ReferencePipeline$3$1.accept(ReferencePipeline.java:195) ~[na:na]
		at java.base/java.util.stream.ReferencePipeline$2$1.accept(ReferencePipeline.java:177) ~[na:na]
		at java.base/java.util.ArrayList$ArrayListSpliterator.forEachRemaining(ArrayList.java:1654) ~[na:na]
		at java.base/java.util.stream.AbstractPipeline.copyInto(AbstractPipeline.java:484) ~[na:na]
		at java.base/java.util.stream.AbstractPipeline.wrapAndCopyInto(AbstractPipeline.java:474) ~[na:na]
		at java.base/java.util.stream.StreamSpliterators$WrappingSpliterator.forEachRemaining(StreamSpliterators.java:312) ~[na:na]
		at java.base/java.util.stream.Streams$ConcatSpliterator.forEachRemaining(Streams.java:735) ~[na:na]
		at java.base/java.util.stream.Streams$ConcatSpliterator.forEachRemaining(Streams.java:734) ~[na:na]
		at java.base/java.util.stream.ReferencePipeline$Head.forEach(ReferencePipeline.java:658) ~[na:na]
		at org.junit.jupiter.engine.descriptor.ClassBasedTestDescriptor.invokeTestInstancePostProcessors(ClassBasedTestDescriptor.java:362) ~[junit-jupiter-engine-5.8.2.jar:5.8.2]
		at org.junit.jupiter.engine.descriptor.ClassBasedTestDescriptor.lambda$instantiateAndPostProcessTestInstance$6(ClassBasedTestDescriptor.java:283) ~[junit-jupiter-engine-5.8.2.jar:5.8.2]
		at org.junit.platform.engine.support.hierarchical.ThrowableCollector.execute(ThrowableCollector.java:73) ~[junit-platform-engine-1.8.2.jar:1.8.2]
		at org.junit.jupiter.engine.descriptor.ClassBasedTestDescriptor.instantiateAndPostProcessTestInstance(ClassBasedTestDescriptor.java:282) ~[junit-jupiter-engine-5.8.2.jar:5.8.2]
		at org.junit.jupiter.engine.descriptor.ClassBasedTestDescriptor.lambda$testInstancesProvider$4(ClassBasedTestDescriptor.java:272) ~[junit-jupiter-engine-5.8.2.jar:5.8.2]
		at java.base/java.util.Optional.orElseGet(Optional.java:369) ~[na:na]
		at org.junit.jupiter.engine.descriptor.ClassBasedTestDescriptor.lambda$testInstancesProvider$5(ClassBasedTestDescriptor.java:271) ~[junit-jupiter-engine-5.8.2.jar:5.8.2]
		at org.junit.jupiter.engine.execution.TestInstancesProvider.getTestInstances(TestInstancesProvider.java:31) ~[junit-jupiter-engine-5.8.2.jar:5.8.2]
		at org.junit.jupiter.engine.descriptor.TestMethodTestDescriptor.lambda$prepare$0(TestMethodTestDescriptor.java:102) ~[junit-jupiter-engine-5.8.2.jar:5.8.2]
		at org.junit.platform.engine.support.hierarchical.ThrowableCollector.execute(ThrowableCollector.java:73) ~[junit-platform-engine-1.8.2.jar:1.8.2]
		at org.junit.jupiter.engine.descriptor.TestMethodTestDescriptor.prepare(TestMethodTestDescriptor.java:101) ~[junit-jupiter-engine-5.8.2.jar:5.8.2]
		at org.junit.jupiter.engine.descriptor.TestMethodTestDescriptor.prepare(TestMethodTestDescriptor.java:66) ~[junit-jupiter-engine-5.8.2.jar:5.8.2]
		at org.junit.platform.engine.support.hierarchical.NodeTestTask.lambda$prepare$2(NodeTestTask.java:123) ~[junit-platform-engine-1.8.2.jar:1.8.2]
		at org.junit.platform.engine.support.hierarchical.ThrowableCollector.execute(ThrowableCollector.java:73) ~[junit-platform-engine-1.8.2.jar:1.8.2]
		at org.junit.platform.engine.support.hierarchical.NodeTestTask.prepare(NodeTestTask.java:123) ~[junit-platform-engine-1.8.2.jar:1.8.2]
		at org.junit.platform.engine.support.hierarchical.NodeTestTask.execute(NodeTestTask.java:90) ~[junit-platform-engine-1.8.2.jar:1.8.2]
		at java.base/java.util.ArrayList.forEach(ArrayList.java:1540) ~[na:na]
		at org.junit.platform.engine.support.hierarchical.SameThreadHierarchicalTestExecutorService.invokeAll(SameThreadHierarchicalTestExecutorService.java:41) ~[junit-platform-engine-1.8.2.jar:1.8.2]
		at org.junit.platform.engine.support.hierarchical.NodeTestTask.lambda$executeRecursively$6(NodeTestTask.java:155) ~[junit-platform-engine-1.8.2.jar:1.8.2]
		at org.junit.platform.engine.support.hierarchical.ThrowableCollector.execute(ThrowableCollector.java:73) ~[junit-platform-engine-1.8.2.jar:1.8.2]
		at org.junit.platform.engine.support.hierarchical.NodeTestTask.lambda$executeRecursively$8(NodeTestTask.java:141) ~[junit-platform-engine-1.8.2.jar:1.8.2]
		at org.junit.platform.engine.support.hierarchical.Node.around(Node.java:137) ~[junit-platform-engine-1.8.2.jar:1.8.2]
		at org.junit.platform.engine.support.hierarchical.NodeTestTask.lambda$executeRecursively$9(NodeTestTask.java:139) ~[junit-platform-engine-1.8.2.jar:1.8.2]
		at org.junit.platform.engine.support.hierarchical.ThrowableCollector.execute(ThrowableCollector.java:73) ~[junit-platform-engine-1.8.2.jar:1.8.2]
		at org.junit.platform.engine.support.hierarchical.NodeTestTask.executeRecursively(NodeTestTask.java:138) ~[junit-platform-engine-1.8.2.jar:1.8.2]
		at org.junit.platform.engine.support.hierarchical.NodeTestTask.execute(NodeTestTask.java:95) ~[junit-platform-engine-1.8.2.jar:1.8.2]
		at java.base/java.util.ArrayList.forEach(ArrayList.java:1540) ~[na:na]
		at org.junit.platform.engine.support.hierarchical.SameThreadHierarchicalTestExecutorService.invokeAll(SameThreadHierarchicalTestExecutorService.java:41) ~[junit-platform-engine-1.8.2.jar:1.8.2]
		at org.junit.platform.engine.support.hierarchical.NodeTestTask.lambda$executeRecursively$6(NodeTestTask.java:155) ~[junit-platform-engine-1.8.2.jar:1.8.2]
		at org.junit.platform.engine.support.hierarchical.ThrowableCollector.execute(ThrowableCollector.java:73) ~[junit-platform-engine-1.8.2.jar:1.8.2]
		at org.junit.platform.engine.support.hierarchical.NodeTestTask.lambda$executeRecursively$8(NodeTestTask.java:141) ~[junit-platform-engine-1.8.2.jar:1.8.2]
		at org.junit.platform.engine.support.hierarchical.Node.around(Node.java:137) ~[junit-platform-engine-1.8.2.jar:1.8.2]
		at org.junit.platform.engine.support.hierarchical.NodeTestTask.lambda$executeRecursively$9(NodeTestTask.java:139) ~[junit-platform-engine-1.8.2.jar:1.8.2]
		at org.junit.platform.engine.support.hierarchical.ThrowableCollector.execute(ThrowableCollector.java:73) ~[junit-platform-engine-1.8.2.jar:1.8.2]
		at org.junit.platform.engine.support.hierarchical.NodeTestTask.executeRecursively(NodeTestTask.java:138) ~[junit-platform-engine-1.8.2.jar:1.8.2]
		at org.junit.platform.engine.support.hierarchical.NodeTestTask.execute(NodeTestTask.java:95) ~[junit-platform-engine-1.8.2.jar:1.8.2]
		at org.junit.platform.engine.support.hierarchical.SameThreadHierarchicalTestExecutorService.submit(SameThreadHierarchicalTestExecutorService.java:35) ~[junit-platform-engine-1.8.2.jar:1.8.2]
		at org.junit.platform.engine.support.hierarchical.HierarchicalTestExecutor.execute(HierarchicalTestExecutor.java:57) ~[junit-platform-engine-1.8.2.jar:1.8.2]
		at org.junit.platform.engine.support.hierarchical.HierarchicalTestEngine.execute(HierarchicalTestEngine.java:54) ~[junit-platform-engine-1.8.2.jar:1.8.2]
		at org.junit.platform.launcher.core.DefaultLauncher.execute(DefaultLauncher.java:220) ~[junit-platform-launcher-1.3.1.jar:1.3.1]
		at org.junit.platform.launcher.core.DefaultLauncher.lambda$execute$6(DefaultLauncher.java:188) ~[junit-platform-launcher-1.3.1.jar:1.3.1]
		at org.junit.platform.launcher.core.DefaultLauncher.withInterceptedStreams(DefaultLauncher.java:202) ~[junit-platform-launcher-1.3.1.jar:1.3.1]
		at org.junit.platform.launcher.core.DefaultLauncher.execute(DefaultLauncher.java:181) ~[junit-platform-launcher-1.3.1.jar:1.3.1]
		at org.junit.platform.launcher.core.DefaultLauncher.execute(DefaultLauncher.java:128) ~[junit-platform-launcher-1.3.1.jar:1.3.1]
		at org.apache.maven.surefire.junitplatform.JUnitPlatformProvider.invokeAllTests(JUnitPlatformProvider.java:150) ~[surefire-junit-platform-2.22.2.jar:2.22.2]
		at org.apache.maven.surefire.junitplatform.JUnitPlatformProvider.invoke(JUnitPlatformProvider.java:124) ~[surefire-junit-platform-2.22.2.jar:2.22.2]
		at org.apache.maven.surefire.booter.ForkedBooter.invokeProviderInSameClassLoader(ForkedBooter.java:384) ~[surefire-booter-2.22.2.jar:2.22.2]
		at org.apache.maven.surefire.booter.ForkedBooter.runSuitesInProcess(ForkedBooter.java:345) ~[surefire-booter-2.22.2.jar:2.22.2]
		at org.apache.maven.surefire.booter.ForkedBooter.execute(ForkedBooter.java:126) ~[surefire-booter-2.22.2.jar:2.22.2]
		at org.apache.maven.surefire.booter.ForkedBooter.main(ForkedBooter.java:418) ~[surefire-booter-2.22.2.jar:2.22.2]
Caused by: io.r2dbc.spi.R2dbcBadGrammarException: Table 'gateway.routes' doesn't exist
	at dev.miku.r2dbc.mysql.ExceptionFactory.createException(ExceptionFactory.java:81) ~[r2dbc-mysql-0.8.2.RELEASE.jar:0.8.2.RELEASE]
	Suppressed: reactor.core.publisher.FluxOnAssembly$OnAssemblyException: 
Error has been observed at the following site(s):
	*__checkpoint ? SQL "SELECT routes.* FROM routes" [DatabaseClient]
Original Stack Trace:
		at dev.miku.r2dbc.mysql.ExceptionFactory.createException(ExceptionFactory.java:81) ~[r2dbc-mysql-0.8.2.RELEASE.jar:0.8.2.RELEASE]
		at dev.miku.r2dbc.mysql.QueryFlow.lambda$execute0$8(QueryFlow.java:241) ~[r2dbc-mysql-0.8.2.RELEASE.jar:0.8.2.RELEASE]
		at reactor.core.publisher.FluxHandleFuseable$HandleFuseableSubscriber.onNext(FluxHandleFuseable.java:176) ~[reactor-core-3.4.22.jar:3.4.22]
		at reactor.core.publisher.FluxContextWrite$ContextWriteSubscriber.onNext(FluxContextWrite.java:107) ~[reactor-core-3.4.22.jar:3.4.22]
		at dev.miku.r2dbc.mysql.util.DiscardOnCancelSubscriber.onNext(DiscardOnCancelSubscriber.java:70) ~[r2dbc-mysql-0.8.2.RELEASE.jar:0.8.2.RELEASE]
		at reactor.core.publisher.FluxPeekFuseable$PeekConditionalSubscriber.onNext(FluxPeekFuseable.java:854) ~[reactor-core-3.4.22.jar:3.4.22]
		at reactor.core.publisher.MonoFlatMapMany$FlatMapManyInner.onNext(MonoFlatMapMany.java:250) ~[reactor-core-3.4.22.jar:3.4.22]
		at reactor.core.publisher.FluxPeek$PeekSubscriber.onNext(FluxPeek.java:200) ~[reactor-core-3.4.22.jar:3.4.22]
		at reactor.core.publisher.FluxHandle$HandleSubscriber.onNext(FluxHandle.java:126) ~[reactor-core-3.4.22.jar:3.4.22]
		at reactor.core.publisher.FluxPeekFuseable$PeekConditionalSubscriber.onNext(FluxPeekFuseable.java:854) ~[reactor-core-3.4.22.jar:3.4.22]
		at reactor.core.publisher.EmitterProcessor.drain(EmitterProcessor.java:537) ~[reactor-core-3.4.22.jar:3.4.22]
		at reactor.core.publisher.EmitterProcessor.tryEmitNext(EmitterProcessor.java:343) ~[reactor-core-3.4.22.jar:3.4.22]
		at reactor.core.publisher.InternalManySink.emitNext(InternalManySink.java:27) ~[reactor-core-3.4.22.jar:3.4.22]
		at reactor.core.publisher.EmitterProcessor.onNext(EmitterProcessor.java:309) ~[reactor-core-3.4.22.jar:3.4.22]
		at dev.miku.r2dbc.mysql.client.ReactorNettyClient$ResponseSink.next(ReactorNettyClient.java:340) ~[r2dbc-mysql-0.8.2.RELEASE.jar:0.8.2.RELEASE]
		at dev.miku.r2dbc.mysql.client.ReactorNettyClient.lambda$new$0(ReactorNettyClient.java:103) ~[r2dbc-mysql-0.8.2.RELEASE.jar:0.8.2.RELEASE]
		at reactor.core.publisher.FluxPeek$PeekSubscriber.onNext(FluxPeek.java:185) ~[reactor-core-3.4.22.jar:3.4.22]
		at reactor.netty.channel.FluxReceive.drainReceiver(FluxReceive.java:279) ~[reactor-netty-core-1.0.22.jar:1.0.22]
		at reactor.netty.channel.FluxReceive.onInboundNext(FluxReceive.java:388) ~[reactor-netty-core-1.0.22.jar:1.0.22]
		at reactor.netty.channel.ChannelOperations.onInboundNext(ChannelOperations.java:404) ~[reactor-netty-core-1.0.22.jar:1.0.22]
		at reactor.netty.channel.ChannelOperationsHandler.channelRead(ChannelOperationsHandler.java:93) ~[reactor-netty-core-1.0.22.jar:1.0.22]
		at io.netty.channel.AbstractChannelHandlerContext.invokeChannelRead(AbstractChannelHandlerContext.java:379) ~[netty-transport-4.1.79.Final.jar:4.1.79.Final]
		at io.netty.channel.AbstractChannelHandlerContext.invokeChannelRead(AbstractChannelHandlerContext.java:365) ~[netty-transport-4.1.79.Final.jar:4.1.79.Final]
		at io.netty.channel.AbstractChannelHandlerContext.fireChannelRead(AbstractChannelHandlerContext.java:357) ~[netty-transport-4.1.79.Final.jar:4.1.79.Final]
		at dev.miku.r2dbc.mysql.client.MessageDuplexCodec.handleDecoded(MessageDuplexCodec.java:187) ~[r2dbc-mysql-0.8.2.RELEASE.jar:0.8.2.RELEASE]
		at dev.miku.r2dbc.mysql.client.MessageDuplexCodec.channelRead(MessageDuplexCodec.java:95) ~[r2dbc-mysql-0.8.2.RELEASE.jar:0.8.2.RELEASE]
		at io.netty.channel.AbstractChannelHandlerContext.invokeChannelRead(AbstractChannelHandlerContext.java:379) ~[netty-transport-4.1.79.Final.jar:4.1.79.Final]
		at io.netty.channel.AbstractChannelHandlerContext.invokeChannelRead(AbstractChannelHandlerContext.java:365) ~[netty-transport-4.1.79.Final.jar:4.1.79.Final]
		at io.netty.channel.AbstractChannelHandlerContext.fireChannelRead(AbstractChannelHandlerContext.java:357) ~[netty-transport-4.1.79.Final.jar:4.1.79.Final]
		at io.netty.handler.codec.ByteToMessageDecoder.fireChannelRead(ByteToMessageDecoder.java:327) ~[netty-codec-4.1.79.Final.jar:4.1.79.Final]
		at io.netty.handler.codec.ByteToMessageDecoder.channelRead(ByteToMessageDecoder.java:299) ~[netty-codec-4.1.79.Final.jar:4.1.79.Final]
		at io.netty.channel.AbstractChannelHandlerContext.invokeChannelRead(AbstractChannelHandlerContext.java:379) ~[netty-transport-4.1.79.Final.jar:4.1.79.Final]
		at io.netty.channel.AbstractChannelHandlerContext.invokeChannelRead(AbstractChannelHandlerContext.java:365) ~[netty-transport-4.1.79.Final.jar:4.1.79.Final]
		at io.netty.channel.AbstractChannelHandlerContext.fireChannelRead(AbstractChannelHandlerContext.java:357) ~[netty-transport-4.1.79.Final.jar:4.1.79.Final]
		at io.netty.channel.DefaultChannelPipeline$HeadContext.channelRead(DefaultChannelPipeline.java:1410) ~[netty-transport-4.1.79.Final.jar:4.1.79.Final]
		at io.netty.channel.AbstractChannelHandlerContext.invokeChannelRead(AbstractChannelHandlerContext.java:379) ~[netty-transport-4.1.79.Final.jar:4.1.79.Final]
		at io.netty.channel.AbstractChannelHandlerContext.invokeChannelRead(AbstractChannelHandlerContext.java:365) ~[netty-transport-4.1.79.Final.jar:4.1.79.Final]
		at io.netty.channel.DefaultChannelPipeline.fireChannelRead(DefaultChannelPipeline.java:919) ~[netty-transport-4.1.79.Final.jar:4.1.79.Final]
		at io.netty.channel.nio.AbstractNioByteChannel$NioByteUnsafe.read(AbstractNioByteChannel.java:166) ~[netty-transport-4.1.79.Final.jar:4.1.79.Final]
		at io.netty.channel.nio.NioEventLoop.processSelectedKey(NioEventLoop.java:722) ~[netty-transport-4.1.79.Final.jar:4.1.79.Final]
		at io.netty.channel.nio.NioEventLoop.processSelectedKeysOptimized(NioEventLoop.java:658) ~[netty-transport-4.1.79.Final.jar:4.1.79.Final]
		at io.netty.channel.nio.NioEventLoop.processSelectedKeys(NioEventLoop.java:584) ~[netty-transport-4.1.79.Final.jar:4.1.79.Final]
		at io.netty.channel.nio.NioEventLoop.run(NioEventLoop.java:496) ~[netty-transport-4.1.79.Final.jar:4.1.79.Final]
		at io.netty.util.concurrent.SingleThreadEventExecutor$4.run(SingleThreadEventExecutor.java:997) ~[netty-common-4.1.79.Final.jar:4.1.79.Final]
		at io.netty.util.internal.ThreadExecutorMap$2.run(ThreadExecutorMap.java:74) ~[netty-common-4.1.79.Final.jar:4.1.79.Final]
		at io.netty.util.concurrent.FastThreadLocalRunnable.run(FastThreadLocalRunnable.java:30) ~[netty-common-4.1.79.Final.jar:4.1.79.Final]
		at java.base/java.lang.Thread.run(Thread.java:835) ~[na:na]

